Fuerte
negativos
global
europeo
común
pobres
manufacturera
norteamericano
fallecidos
rara
posible
moral
desconocida
mortífera
adelgado@elnuevoherald.com
pasado
pasado
venezolanos
misteriosa
central
oficial
contagiosa
peligrosa
desconocido
total
absoluto
sanitarias
médicos
pública
primeras
colegiado
telefónica
gran
único
común
telefónica
provenientes
general
internas
externas
respiratoria
hepática
renal
único
general
debido
siguiente
sanitaria
científicas
sanitaria
emprendida
estatal
único
epidemiológica
últimos
visitados
importante
importante
siguientes
erróneo
principal
buscas
digitales
supuesta
falso
Fuertes
inoculado
desatada
desconocida
vzlana
chikungnya
desconocida
ofrecida
médicas
anunciados
pasada
último
elevadas
fijo
epidemiológica
venezolano
febril
pasada
paciente
primaria
articular
claras
importantes
GRAVE
humanos
aegypti
grave--
grave
diagnosticados
pasada
anterior
pertenecientes
clínico
NECESARIA
último
necesarios
renales
hepáticos
oculta
desconocida
políticas
despertadas
judicial
gremial
afectados
legal
desconocida
público
ocurrido
misteriosa
falsas
sociales
divulgada
misteriosa
similares
anteriores
últimas
anteriores
misteriosa
mediática
difamatoria
complejo
prestigiosos
complejo
neutral
similares
pasado
correspondientes
gubernamental
afines
sociales
falsas
comunes
peritonitis
enterocolitis
primeros
añadido
sociales
venezolanos
álgida
local
desconocido
colectiva
primeros
cierto
común
clínico
hemorrágica
cardiacas
médicos
primeros
resguardados
público
leve
grave
clínica
africano
transmitido
últimos
afectados
vectoriales
epidemiológico
salpullidos
fuerte
vectoriales
peores
médicos
sanitaria
hospitalaria
desproporcionada
raro
transparente
tropical
primer
oficiales
dicha
pasado
americano
indiscutible
trópico
social
lanzada
pública
supuesto
bacteriológico
desconocido
psicológico
febril
general
causadas
identificada
emitidas
formal
judicial
realizados
médicas
oficial
identificado
igual
judicial
médicas
perversas
psicológico
hecho
clarísimo
bubónica
presente
rijoso
irascible
alarmante
dirigido
menguado
exterior
disfuncional
talentoso
notable
tropical
medroso
linajuda
médica
caraqueña
raciales
brillante
amulatado
panameño
blanca
generoso
flamante
pestis
bacilo
aduanales
negra
primer
bubónica
”
represalia
alguna
rigurosa
sanitaria
gran
discretas
enemigo
mortal
febril
indistinguible
tropicales
sugerido
grave
sanitaria
públicas
igual
médica
populoso
criminal
bandido
fascista
sanitaria
pasada
fatal
inexplicable
venezolanos
mortal
febril
indistinguible
causado
africana
venezolana
pública
respaldado
rápida
eficaz
oficial
socorrido
fascista
yanqui
publicitados
médicos
primarios
grave
caracterizada
dramática
quirúrgicos
grave
masiva
graduados
desalmados
terroristas
psicológica
venezolano
nacionales
contagioso
nacionales
contagioso
Publicado
presidenciales
peruano
legal
federal
demócratas
armada
nacional
lanzada
regional
transmitido
estatal
mediática
aragüeña
revolucionario
comandado
lanzada
misterioso
hospitalario
igual
internacionales
presuntos
fallecidas
presunta
internacionales
reseñado
venezolano
moral
psicológico
Inusual
pasado
súbitas
atribuidas
venezolana
local
general
default
normales
mamarios
local
mayor
plásticas
inusual
sanitaria
privadas
públicos
absoluto
epidémicas
último
desconocida
médico
sanitario
venezolano
sanitario
venezolano
mortales
conocidas
primeras
septentrional
médico
similares
general
musculares
articulares
cutáneas
seguidas
internos
respiratorias
hepáticas
renales
bacteriano
últimos
contagiosa
letal
tropicales
albopictus
aegypti
albopictus
aegypti
menor
vertiginosa
virales
atípicos
severos
vistos
graves
múltiples
conocidas
misteriosas
identificados
albopictus
aegypti
últimas
efectiva
ominoso
agravada
común
registradas
primer
pública
técnica
judicial
fallecido
estatal
ocurrido
sanitaria
viable
económicos
directa
previo
sanitarias
sudamericano