de
en
por
sobre
a
del
por
del
del
sobre
en
entre
en
de
en
por
en
en
de
contra
con
entre
DE
DE
DE
DE
de
de
para
en
de
en
del
de
de
de
de
para
en
de
en
del
de
de
de
tras
de
en
del
por
del
de
por
al
de
en
de
en
de
a
del
para
a
de
de
en
de
en
de
de
del
a
de
de
de
por
de
del
a
de
para
al
sobre
de
de
en
en
de
por
de
de
de
con
desde
en
de
de
a
del
con
en
en
en
al
a
en
para
por
de
contra
para
a
con
al
a
en
de
del
en
del
con
de
para
a
de
a
a
de
del
para
a
de
con
hasta
en
por
del
para
por
de
del
de
de
de
a
de
en
a
de
de
al
hasta
a
con
a
en
de
de
de
por
de
de
al
Pruebe
de
en
para
por
sobre
en
de
en
de
En
en
de
en
por
sobre
en
a
a
de
en
en
por
de
en
por
en
al
a
de
de
de
En
de
en
de
de
al
de
en
a
por
de
de
de
de
de
desde
de
en
entre
con
en
en
en
en
de
en
Sin
a
de
del
en
de
de
a
de
por
de
de
de
en
con
de
en
de
entre
sin
del
de
en
al
de
a
por
de
de
de
Por
de
de
del
por
en
de
de
entre
de
con
en
de
a
de
de
de
de
de
entre
al
de
de
a
de
de
del
a
de
de
de
de
para
entre
de
por
a
en
según
del
Entre
para
entre
de
de
sobre
del
de
DE
de
de
de
por
en
para
de
sobre
de
por
de
por
de
al
de
de
del
del
a
en
del
de
por
de
de
por
de
de
de
a
sobre
a
en
en
en
en
en
de
de
de
de
en
a
de
en
de
por
en
de
en
del
de
a
desde
en
a
en
de
del
en
de
sobre
de
de
contra
del
al
de
a
para
a
a
de
de
de
de
del
de
de
de
de
hasta
por
en
de
del
de
de
de
de
en
en
en
en
a
de
en
de
en
En
de
de
en
en
de
del
al
de
en
del
al
de
a
de
para
a
al
de
según
por
entre
de
de
del
de
de
por
Desde
a
del
en
En
a
de
de
del
de
a
con
seríamos
en
a
en
en
con
del
del
en
de
de
por
del
de
a
de
a
en
de
de
por
de
en
en
en
de
por
según
del
de
de
en
de
en
de
en
de
de
de
de
de
en
de
en
de
de
al
de
de
de
a
a
en
del
con
del
del
a
en
a
de
en
a
de
de
de
a
Desde
en
de
al
En
de
de
al
a
del
a
al
al
de
a
de
en
sobre
de
a
por
del
de
de
en
a
de
por
sobre
en
de
para
al
de
del
de
del
de
en
de
tras
en
por
de
en
de
de
de
con
por
de
al
al
del
de
de
por
del
de
De
a
de
al
de
de
de
para
de
en
de
de
de
del
de
en
de
del
por
de
de
en
a
del
a
en
de
de
a
por
a
de
de
de
a
de
a
a
al
al
entre
de
en
en
por
de
por
de
por
en
de
de
para
de
Por
en
con
del
de
del
en
del
En
para
de
de
para
de
de
de
de
a
por
Al
de
a
de
sin
en
de
a
para
al
del
de
de
en
en
de
por
Al
sin
en
en
de
con
del
de
por
de
de
de
al
en
a
de
al
de
del
de
a
del
de
a
de
para
en
de
en
de
de
hasta
para
con
del
del
por
de
en
de
a
en
del
con
de
en
del
de
a
al
de
de
para
al
en
de
a
de
de
para
de
de
en
por
de
de
de
Según
de
a
entre
en
de
De
en
del
en
contra
de
para
de
para
de
de
hacia
del
del
a
sobre
de
al
de
al
por
por
a
al
de
a
al
de
por
de
de
de
de
por
en
de
en
de
a
de
de
de
del
de
por
con
en
Con
por
de
contra
contra
de
de
al
por
En
de
por
del
de
del
a
del
De
de
al
sobre
al
por
al
de
a
de
para
del
de
con
por
de
Por
del
a
contra
con
de
contra
de
a
My
a
de
de
de
de
a
del
hasta
de
Por
de
contra
bajo
de
sobre
en
de
para
al
de
a
Desde
de
a
en
a
del
En
de
de
en
de
de
de
para
de
desde
de
a
de
de
a
de
En
en
sin
en
de
de
para
del
de
en
de
de
sin
de
para
en
de
de
por
del
en
de
de
por
del
en
de
de
del
de
a
con
a
del
por
con
por
por
por
a
en
de
de
en
de
de
de
de
hasta
por
sin
en
en
con
por
por
de
de
del
a
de
de
por
a
de
del
de
De
por
desde
por
en
en
de
de
con
a
de
de
de
Sin
por
del
de
a
de
con
al
sobre
de
a
de
de
para
en
a
al
Desde
del
a
de
por
del
con
a
en
con
de
de
para
al
sobre
en
de
a
de
de
de
al
de
de
sin
para
a
a
de