Además
Oficialmente
aquí
no
aún
altamente
No
no
absolutamente
no
no
no
No
no
lamentablemente
no
luego
Después
No
no
mucho
muy
mal
también
no
No
ahora
muy
también
no
allí
no
Aquí
no
no
no
probablemente
TOTALMENTE
menos
más
menos
más
más
Asimismo
no
No
posteriormente
así
muy
MUY
también
no
Además
debido
muy
sólo
también
ya
Cerca
Más
allá
profundamente
hoy
Así
también
entonces
más
no
acerca
más
más
no
políticamente
ahora
no
antes
Luego
Ahora
entonces
no
no
no
No
no
más
actualmente
no
poco
también
no
acá
No
ya
sólo
no
no
no
no
entonces
obviamente
ya
todavía
antes
entonces
acaso
no
también
aún
insidiosamente
antes
ya
todavía
hoy
Brillante
Demasiado
muy
primero
no
/CF
>
así
dolosamente
no
más
tarde
no
hoy
después
aún
mucho
más
no
menos
luego
ahora
sintomáticamente
enfáticamente
alrededor
muy
más
más
aún
más
menos
ya
ya
solo
no
no
más
después
después
no
dentro
no
She
satisfactoriamente
ahora
solo
sólo
no
Después
después
tanto
Ya
Ya
No
no
ahora
directamente
altamente
fácilmente
menos
también
bien
ya
más
formalmente