que
que
como
cuando
que
porque
que
porque
que
si
si
como
que
porque
que
que
que
que
como
que
como
que
que
que
que
que
que
que
que
que
que
que
como
Según
que
que
como
como
que
que
que
que
que
que
como
que
que
que
que
que
que
que
según
como
como
que
que
que
que
que
como
como
que
aunque
que
que
Si
que
Aunque
que
que
que
como
que
como
aunque
que
que
que
que
que
como
como
que
como
que
que
que
que
que
mientras
que
que
que
que
que
que
que
mientras
cuando
como
que
que
que
que
que
como
como
que
que
porque
que
que
como
que
como
que
que
que
que
que