autorizó
permitirá
imponga
profundiza
publicaron
informó
registran
Alerta
están
angustiad
echando
intenta
sera
acabará
espera
atendidos
espera
atendidos
lanzaron
mata
saben
tratar
minimizada
calificaron
notificar
dejado
dijeron
preocuparse
sabemos
trata
admitió
entiendo
saben
saben
agregó
emitidas
convocó
advertir
provocado
dijo
tratar
genera
sabemos
producida
sabemos
descartado
haciendo
dado
manifestó
presenta
agregó
trasladados
incluían
convirtieron
presentar
comienza
viene
advirtió
tratar
saber
produce
produce
hacer
brindar
comentó
logrado
hacer
contraído
ataca
llegado
muerto
dijo
dijo
decidió
declararse
Añadió
hecho
aboquen
puesto
combatir
colaborar
tomada
calificó
generar
encabece
expresó
acusando
mentir
dejado
hacer
recomendar
colabore
cortar
visitar
dijo
Agregó
abstengan
visitar
tratadas
acerquen
tienen
ver
dijo
existe
encontró
haz
encontrada
existe
usaste
intenta
usa
encontrar
desatado
niega
meningococcemia
investigando
Pedimos
asegura
tenían
asegurado
tenían
chikunguya
indicado
descartado
sigue
estimado
informado
informado
presumen
permanecerá
asegurado
fallecieron
hemorrágico
contrajeron
subrayado
situado
permaneció
trasladado
tratado
recordado
transmite
explicado
desarrollen
demostrar
afronta
informado
supone
registraron
participado
pedido
cambie
establece
propuesto
sirve
diferenciar
extiende
afectado
diferenciar
incluyen
reunieron
expresado
anunciado
abrir
levantan
criminalizados
asegurado
manifestado
tienen
denunciar
notificar
sabe
desconcierta
Comparte
Comparte
Comparte
Comparte
dice
buscan
angustiar
murieron
desencadenó
tiene
discutiendo
murieron
informaron
pronunciado
desmintió
calificó
refieren
angustiar
vuelto
dice
médicamente
impide
pasando
asegura
reportado
informó
conocemos
presenta
dijo
advirtió
informar
hacer
esperar
entrar
dijo
confirmó
enviadas
depende
calificaron
pretenden
angustiar
Denunciaron
compartiendo
generar
pidieron
abriera
confirmaron
ocurrieron
informó
investigado
detiene
aseguró
deben
admitir
pasando
ocurre
genere
ocurriendo
alertarlo
aseguró
estado
reitera
indica
pasado
morir
tiene
estado
dice
llegado
presentan
padecen
está
tenido
salud
vive
insumos
hecho
pidan
declarar
admitido
viven
dice
cree
creemos
ver
tiene
dado
asegura
refiriéndose
considera
pone
encontró
estiman
llegará
detectó
contado
llegó
dice
esconder
llegó
hagan
pronunció
angustiar
catalogadas
señaló
ofreció
denunciaba
presentar
aclaró
señaló
corresponden
solicitó
abrir
consignando
corrobora
solicitó
pidió
nombrar
acompañar
causar
comentó
pagó
envió
desató
ordenó
encarcelar
propalar
dañar
desacreditar
enviar
despachó
ninguneado
terminado
decirlo
perviven
cumplir
hecho
nutren
llamaría
afirmado
sentía
apañó
detectar
aislar
refutar
impidió
siguiese
matando
tuvo
rendirse
desdecirse
pronunciando
sufrir
cerró
declaró
acometió
dependió
hizo
pedir
hallaba
derrocado
tardó
ingiriendo
vino
presenta
hemorrágico
hace
viene
atraviesa
entienden
duda
encarcelar
dar
tocado
acusado
pedido
investiguen
tener
declare
registren
presenta
hemorrágico
hace
mueren
escribo
reportarse
hecho
requiere
acusar
inventar
desestabilizar
ocurre
transferido
vive
insumos
emigrado
afirman
abandonado
quedan
Rechazan
constataron
albergaba
constataron
albergaba
Aumenta
Disminuye
Debaten
insta
construir
debatirán
amenaza
amenaza
Traiciona
Traiciona
Aseguran
pretende
instaurar
responda
detener
condenaron
compartió
desmontar
provocó
pretendían
señaló
considera
gobierna
denunció
hacía
denunció
mostrar
presentar
dicho
preparemos
informó
manifestó
Sabemos
mueven
Vienen
sumar
permitir
recuperan
Evitemos
estudiando
juzgado
angustiar
catalogadas
inquieta
hemorrágico
mantiene
disipa
registra
monopolizaría
realiza
realzar
acapara
redefine
reportan
exige
evitar
alcanzan
multiplican
cesar
necesitaban
protestaron
protestaron
fallecieron
atribuyó
hemorrágico
sonó
aparecieron
mató
sabemos
trata
admitió
creo
trate
atendidos
enfermen
explica
causan
transmitidos
causan
transmitidos
Prefiero
–que
afectando
propicia
Descartar
deja
acota
causadas
tomarse
demandando
causan
transmitidos
proliferado
acabaría
comenta
Llegará
suma
señala
visto
negando
amenazando
encarcelar
habló
secuestró
realizara
niega
difundir
genera
asegura
circular
causadas
cayera
regara
hizo
dice
planean
reunirse
ponerlos
esperando
declare
haría
hacer
afligen