Venezuela
Maracay
Hospital Central de Maracay
estado Aragua
Caracas
Aragua
Orihuela
Colegio de Médicos
Colegio de Médicos de Aragua
La Guaira
Brasil
Europa
Centro Médico de Caracas
Hospital de Maracay
Estados Unidos
TelesurTelesur
EEUU
Washington
Reino Unido
Colegio de Médicos de ARAGUA
Hospital Central
MARACAY
Corposalud Aragua
Hospital de Maracay http
Valles del Tuy
Ministerio de Salud
Instituto de Medicina Tropical de la UCV
Ministerio
Clínica
Hospital
Instituto Nacional de Higiene y Consalud
La Organización Mundial de la Salud
Asociación Venezolana de Clínicas y Hospitales de Colombia
Colombia
Caribe
Colegio de Médicos de Aragua Ángel Sarmiento
Ministerio Público
Costaguana
América
hospital Vargas
Estado de Aragua
Cuba
España
Argentina
EE.UU
México
Alemania
Hospital Universitario de Caracas
estados Aragua
Carabobo
Miranda
Vargas
Organización Panamericana de la Salud
Ministerio de la Salud