Fuerte
negativos
global
europeo
común
pobres
manufacturera
norteamericano
fallecidos
rara
posible
moral
desconocida
mortífera
adelgado@elnuevoherald
ACTUALIZADO
pasado
pasado
venezolanos
llamado
misteriosa
central
oficial
contagiosa
peligrosa
desconocido
total
absoluto
sanitarias
médicos
pública
primeras
colegiado
telefónica
gran
único
común
telefónica
provenientes
general
internas
externas
respiratoria
hepática
renal
único
general
debido
siguiente
sanitaria
científicas
sanitaria
emprendida
opositor
estatal
único
epidemiológica
últimos
visitados
importante
importante
siguientes
erróneo
principal
digitales
supuesta
Fuertes
inoculado
desatada
desconocida
vzlana
desconocida
ofrecida
médicas
anunciados
pasada
último
elevadas
epidemiológica
venezolano
febril
hemorrágico
pasada
primaria
claras
importantes
GRAVE
humanos
debido
grave--
grave
diagnosticados
pasada
anterior
pertenecientes
NECESARIA
último
necesarios
renales
hepáticos
desconocida
políticas
despertadas
judicial
gremial
afectados
legal
desconocida
público
ocurrido
misteriosa
falsas
sociales
divulgada
misteriosa
similares
anteriores
últimas
anteriores
misteriosa
mediática
difamatoria
complejo
prestigiosos
complejo
neutral
similares
pasado
correspondientes
gubernamental
afines
sociales
falsas
comunes
primeros
añadido
sociales
venezolanos
álgida
local
desconocido
colectiva
primeros
común
clínico
hemorrágica
cardiacas
médicos
primeros
resguardados
público
leve
moderada
grave
clínica
africano
transmitido
últimos
afectados
vectoriales
epidemiológico
fuerte
vectoriales
peores
médicos
sanitaria
hospitalaria
desproporcionada
raro
transparente
tropical
primer
oficiales
dicha
pasado
americano
indiscutible
social
twitter
lanzada
pública
supuesto
bacteriológico
desconocido
psicológico”
febril
general
causadas
identificada
emitidas
formal
judicial
realizados
médicas
oficial
identificado
igual
judicial
médicas
perversas
psicológico
hecho
clarísimo
bubónica
presente
rijoso
irascible
alarmante
dirigido
menguado
exterior
disfuncional
talentoso
notable
tropical
medroso
linajuda
médica
caraqueña
raciales
brillante
Brillante
mestizo
amulatado
panameño
blanca
generoso
flamante
primero
aduanales
negra
primer
“bubónica
rigurosa
sanitaria
gran
discretas
ibseniano
moscatel
mortal
febril
hemorrágico
indistinguible
tropicales
sugerido
grave
sanitaria
públicas
igual
médica
populoso
criminal
fascista”
sanitaria
pasada
estadal
fatal
inexplicable
venezolanos
mortal
febril
hemorrágico
indistinguible
causado
africana
venezolana
pública
rápida
eficaz
oficial
socorrido
derecha
fascista”
yanqui
publicitados
médicos
primarios
grave
caracterizada
dramática
quirúrgicos
grave
masiva
médicos
graduados
desalmados
terroristas
psicológica
venezolano
nacionales
contagioso
nacionales
contagioso
presidenciales
peruano
legal
federal
demócratas
armada
nacional
centro-norte
lanzada
regional
transmitido
estatal
mediática
salud
aragüeña
revolucionario
comandado
lanzada
misterioso
hospitalario
igual
internacionales
presuntos
fallecidas
presunta
internacionales
reseñado
venezolano
moral
psicológico
Inusual
pasado
súbitas
atribuidas
febril
hemorrágico
venezolana
local
general
normales
mamarios
local
mayor
plásticas
pasado
inusual
sanitaria”
privadas
públicos
absoluto
epidémicas
último
desconocida
médico
sanitario
venezolano
sanitario
venezolano
mortales
conocidas
primeras
septentrional
médico
febril
hemorrágico
similares
general
musculares
articulares
cutáneas
seguidas
internos
externos
respiratorias
hepáticas
renales
bacteriano
últimos
contagiosa
letal
tropicales
menor
vertiginosa
virales
atípicos
severos
vistos
graves
múltiples
conocidas
misteriosas
identificados
últimas
efectiva
chikunguña
ominoso
agravada
común
registradas
primer
pública
técnica
judicial
fallecido
estatal
ocurrido
sanitaria
viable
económicos
directa
previo
sanitarias
sudamericano