ser
ser
fue
ha
hay
hay
están
son
fueron
ha
están
está
siendo
es
ha
están
ha
hay
es
fueron
comenzaron
puede
hay
saber
puede
es
tratar
han
han
Hay
ha
ha
han
han
salir
parece
estar
siendo
es
sea
ha
han
podido
es
es
fueron
Es
será
fue
es
han
están
sea
es
ha
ha
ha
sido
han
puede
haber
ha
son
hace
ha
ha
hay
ha
ha
fue
fue
ha
son
ha
podría
ha
ha
habido
han
han
han
ha
es
denunciar
ha
ha
va
Estamos
sean
ha
ha
ha
ha
está
han
Es
era
podía
deberán
hay
habían
sido
fueron
estaban
fue
es
es
vamos
está
hay
hay
estuviera
seríamos
ha
hay
están
es
han
hay
es
ha
es
ha
ha
ha
ha
sería
va
empezar
puede
ser
ha
han
hay
tratan
es
pueden
ser
fue
Hay
tratan
fue
somos
era
haber
hay
era
había
ha
hubo
era
siguiese
pudo
fue
es
ha
ha
ha
pueda
pedir
es
comienzan
ha
ha
han
han
es
es
he
Vienen
vamos
son
está
será
pueden
ser
es
es
era
han
sido
es
son
son
pensar
es
puede
estar
fuera
fueron
podrían
vienen
hace
son
han
ha
comenzó
es
puso
fueron
agregando
siguen