las
el
la
las
la
La
la
la
la
el
el
el
los
los
esta
el
el
el
el
su
la
los
Un
su
el
esta
Un
su
el
esta
el
un
la
una
los
la
los
una
la
un
el
la
los
una
la
una
el
las
las
esas
Las
el
el
una
la
la
El
una
el
los
la
una
un
todo
el
el
Lo
la
la
una
Las
distintos
la
la
la
Esas
los
el
la
la
la
la
la
Lo
el
un
los
esos
los
el
la
el
las
los
el
los
las
la
un
la
la
la
la
el
el
las
El
los
una
la
el
esta
El
su
su
La
los
pocas
Lo
la
los
la
la
las
los
las
las
el
las
el
Esta
la
los
otra
la
La
el
la
el
la
el
este
el
la
las
un
la
los
la
Un
los
el
Un
este
lo
los
una
el
la
otro
la
los
las
otros
una
la
varias
los
la
la
El
las
este
las
esta
el
El
los
la
el
las
un
las
la
la
el
el
el
un
los
un
la
una
la
la
UN
El
este
los
la
este
los
la
la
el
un
su
el
un
el
la
la
lo
los
Los
la
la
la
la
el
la
el
la
la
UNA
Los
un
la
un
los
los
los
otra
el
todo
el
el
los
estas
el
la
un
el
la
el
la
estos
una
las
la
la
su
el
el
la
el
los
su
los
las
los
la
cualquier
lo
las
lo
Lo
la
los
esta
esta
esta
esta
la
El
la
las
los
La
el
una
el
el
una
los
El
los
sus
el
mismo
la
la
la
El
estas
las
la
una
la
una
El
la
las
una
la
El
cada
la
los
lo
una
lo
La
los
la
los
mismos
el
El
el
la
las
el
un
todos
los
las
la
el
la
los
la
sus
todo
lo
Los
las
la
las
El
las
un
la
las
la
una
Los
la
la
los
la
las
las
los
la
la
este
el
las
ningún
una
ningún
los
El
los
cierto
las
los
los
la
los
una
una
una
la
lo
un
la
un
el
los
los
el
La
la
los
el
el
las
las
la
El
la
la
la
El
el
la
El
sus
la
la
la
El
la
las
los
la
este
otras
una
la
un
una
la
lo
un
la
la
el
un
el
el
las
el
una
los
el
todos
los
el
la
El
la
El
su
la
la
la
este
el
la
la
El
este
la
el
la
un
El
la
El
las
las
estas
las
el
una
los
las
la
estas
un
la
el
las
la
una
la
la
la
Una
el
la
La
el
la
un
aquella
misma
un
El
la
su
la
un
su
La
la
nuestro
el
un
el
la
su
la
nuestra
la
sus
los
nuestro
los
los
el
lo
el
la
todo
el
su
el
la
la
el
la
la
La
Lo
la
la
unas
el
la
su
la
el
una
la
este
el
La
Pocos
el
su
el
su
una
El
un
Este
la
la
La
los
sus
los
propios
el
Esta
la
el
mismo
El
la
los
este
la
la
el
la
el
la
una
los
El
un
el
la
Los
un
este
otras
La
su
el
su
una
la
Todo
el
la
su
un
una
la
la
la
otros
una
el
los
el
el
ningún
sus
el
ningún
sus
la
un
la
El
los
El
los
La
La
la
ese
una
varios
la
sus
los
la
El
la
el
El
este
la
la
el
su
el
la
la
el
El
el
el
El
la
un
el
ese
la
el
un
la
un
la
la
un
el
lo
la
su
el
todos
los
nuestra
esta
una
el
la
el
los
su
el
el
la
los
el
una
un
la
el
la
la
los
la
el
el
los
el
la
una
la
la
la
sus
la
“
un
las
los
su
la
un
el
los
los
lo
los
la
una
el
los
la
las
los
la
las
Las
el
El
esa
sus
un
los
el
La
la
la
La
otras
un
este
el
la
ningún
otro
todos
los
sus
los
La
Los
el
el
los
Los
el
el
los
El
los
la
las
el
la
los
los
las
la
la
lo
las
estos
las
los
la
propia
Los
el
el
los
las
los
Una
el
la
el
la
el
la
la
la
El
el
las
este
la
el
un
la
la
Ese
lo
las
la
las
el
la
la
el
otros
las
la
la
lo
los
la
el
una
la
la
la
la
otras
las
diversas
los
este