caída
bolsas
reportes
economía
tarifas
organización
aranceles
productos
continente
incertidumbre
salida
mercado
datos
actividad
país
adultos
adolescentes
infantes
Alerta
enfermedad
ebola
@tabares1910
@carlosramirezl3
angustiad
chikungunya
ebola
chistes
Tentativa
boomerang
califato
Ojo
Enfermedad
alarma
venezolanos
SEPTIEMBRE
PM
SEPTIEMBRE
PM
Foto
archivo
grupo
pacientes
turno
foto
agosto
Foto
archivo
grupo
pacientes
turno
foto
agosto
jueves
alarma
aparición
enfermedad
horas
hospitales
país
advertencia
portavoces
régimen
esfuerzos
público
campaña
desinformación
terrorismo
enfermedad
días
saldo
muertos
estado
Pese
indiferencia
médicos
país
razones
frente
enfermedad
origen
presidente
alarma
estado
silencio
parte
autoridades
estado
personas
cargo
oficinas
salud
epidemiología
advertencias
jueves
estado
rueda
prensa
público
enfermedad
muerte
niños
adultos
presidente
cuerpo
entrevista
hecho
médicos
condiciones
dolencia
preocupación
bacteria
virus
meningococcemia
pruebas
descarte
estafilococo
tipo
diagnóstico
médico
forma
enfermedad
entrevista
víctimas
puntos
capital
estado
síntomas
malestar
fiebre
manchas
piel
“burbujitas
boca
manchas
ampollas
tiempo
pacientes
hemorragias
sangramiento
insuficiencia
insuficiencia
insuficiencia
muerte
horas
enfermedad
momento
tratamiento
síntomas
esfuerzos
pacientes
mal
velocidad
cuerpo
gente
día
horas
hospitales
estado
emergencia
alerta
médicos
estado
contacto
organizaciones
búsqueda
diagnóstico
orden
estado
crisis
oferta
gobierno
momento
serio
autoridades
estado
gobernador
anuncios
campaña
zozobra
oposición
presidente
campaña
rumores
terrorismo
través
cuenta
resultado
afiliación
partido
indiferencia
médicos
opciones
población
esfuerzos
cadena
enfermedad
casas
lugares
víctimas
personas
hospital
víctimas
hospital
página
iguana
enlaces
búsqueda
pagina
página
enlace
página
buscador
noticia
cadenas
msm
redes
bacteria
ébola
meningococcemia
momento
causa
muertes
sospechas
virus
Campaña
enfermedad
hospital
medios
respeto
población
médico
muertos
virus
chikungnya
sangre
h
epidemiólogo
martes
muertos
enfermedad
virus
chikunguya
sangre
tiempo
caso
espera
resultados
muestras
PUBLICIDAD
rueda
prensa
representantes
organizaciones
casos
chikungunya
frente
casos
ministra
semana
epidemiólogo
cifras
brote
fiebre
chikungunya
dolencia
parámetro
vigilancia
diario
médicos
enfermedad
país
semanas
personas
cuadro
dolor
articulaciones
lesiones
piel
semana
virus
infección
hospital
embargo
paciente
cero
hombre
días
centro
atención
zona
clínica
síntomas
fiebre
dolor
días
evolución
lesiones
piel
afectación
edemas
hinchazón
cara
lesiones
vasculitis
BROTE
doctor
virus
seres
presencia
vector
transmisión
caso
mosquitos
nivel
afectación
habitantes
enfermedad
forma
teoría
país
brote
chikungunya
parte
aumento
número
casos
chikungunya
semana
respecto
días
septiembre
pacientes
fiebre
médicos
rueda
prensa
tipo
diagnóstico
serológico
clínico
DIFERENCIACIÓN
médicos
sistema
valoración
diagnóstico
virus
partir
aplicación
algoritmo
síntomas
puntuaciones
casos
chikungunya
dengue
enfermedad
país
personas
año
informe
parámetros
enfermedades
vector
contagio
datos
coagulación
alteración
estado
conciencia
DENUNCIAS
OCULTACIÓN
centenar
médicos
septiembre
noche
datos
muerte
pacientes
enfermedad
controversias
denuncia
red
apoyo
respecto
procedimiento
gobernador
estado
contra
presidente
asociación
hecho
médicos
voz
pacientes
cosas
médicos
obligación
enfermedad
autoridades
enfermedad
médicos
septiembre
actualización
actualización
actualización
actualización
autor
gobernador
fotos
enfermedad
redes
venezolanos
información
jueves
personas
cuestión
horas
enfermedad
centro
país
ola
interpretaciones
venezolanos
domingo
personas
condiciones
familiares
doctores
hospital
capital
estado
gobierno
muertes
existencia
enfermedad
información
campaña
gobernador
estado
ministra
versiones
estrategia
población
caso
vez
profesor
medicina
infectólogos
país
interpretación
cronología
hechos
autor
muertes
síntomas
jueves
presidente
muerte
personas
virus
síntomas
casos
fiebre
dolores
articulaciones
manchas
piel
hemorragias
septiembre
similitud
síntomas
rapidez
muertes
laboratorios
pruebas
pánico
seguida
realidad
muertos
lugar
pruebas
gobierno
dirigentes
gobierno
informaciones
eco
mentiras
población
usuarios
redes
fotos
pánico
investigación
doctor
funcionarios
cifra
muertos
causas
peritonitis
enterocolitis
neumonía
cáncer
diabetes
Derechos
autor
presidente
detalles
muertes
domingo
redes
medios
discusión
declaraciones
prensa
lunes
secretario
salud
muertes
fin
semana
virus
emergencia
ébola
muertes
bacteria
muerte
caso
meningococcemia
entrevista
doctor
contacto
doctores
patrón
cuadro
fiebre
dolores
articulaciones
fallas
historiales
muertos
dirección
hospital
pacientes
enfermedad
días
sospecha
chikungunya
virus
origen
picadura
mosquito
auge
meses
estados
enfermedades
boletín
ministerio
países
virus
personas
fiebre
dolor
articulaciones
salpullidos
chikungunya
chikungunya
crisis
salud
autor
imagen
capital
incidencia
enfermedades
sector
salud
crisis
años
escasez
medicamentos
insumos
instituciones
gobierno
emergencia
gobierno
falta
medicamentos
dificultades
hospitales
declaratoria
emergencia
obstante
tema
partes
país
relación
situación
país
virus
expresión
manejo
salud
manejo
información
torno
enfermedad
ejemplo
país
ministerio
casos
chikungunya
caso
entidades
casos
enfermedad
año
continente
evasión
hechos
vector
país
países
trópico
caso
guerra
Septiembre
vicepresidente
través
cuenta
red
campaña
terrorismo
opinión
jueves
presidente
relación
muerte
personas
brote
Mentiras
situación
actos
TERRORISMO
presidente
estado
doctor
jueves
declaraciones
muerte
personas
adultos
niños
cuadro
malestar
erupciones
piel
virus
bacteria
gobernador
entidad
rueda
prensa
causas
muertes
personas
declaraciones
doctor
manera
investigación
señalamientos
pruebas
historias
causa
fallecimiento
personas
virus
manera
fiscalía
resguardo
historias
presidente
comisión
diputados
investigación
campañas
terrorismo
población
tarde
marzo
doctor
jefe
medicatura
puerto
café
estación
ferrocarril
diagnóstico
tarde
caso
peste
cónsul
tertulia
cuenta
derecho
oficina
telégrafo
cable
embajador
noticia
ira
dictador
canijo
general
infundio
comercio
república
paso
prisión
puerto
bachiller
precursor
bacteriología
Hombre
extremo
profesión
estudios
medicina
prejuicios
país
aportaciones
manuales
bacteriología
gusto
cantautor
sociedad
bachiller
deuda
benefactor
general
patrocinador
laboratorio
bacteriología
hospital
director
consecuencia
yersinia
pestis
</CF>bacilo
epidemia
diagnóstico
regocijo
cámara
comercio
lonja
agencias
peste
gente
docenas
cabo
semanas
dictador
evidencia
informe
palabra
represalia
puerto
cuarentena
campaña
éxito
medida
visitas
cárcel
consejo
“enemigo
pueblo
cuento
doctor
meses
viaje
salud
general
compadre
vicepresidente
valedor
bachiller
laboratorio
mezcla
cianuro
vino
trastorno
cuadro
dengue
relato
medicina
autoritarismo
emergencia
años
peste
generales
paniaguados
epidemiología
finanzas
especialistas
bárbaro
alarma
epidemia
vez
presidente
federación
doctor
gobernador
terrorismo
fiscalía
móviles
“
bandido”
“vocero
derecha
emergencia
semana
capital
casos
epidemia
médicos
trastorno
cuadro
dengue
mal
virus
chikungunya
pacientes
plazo
horas
artículo
casos
regiones
país
solidaridad
doctor
denuncia
epidemia
acción
lugar
recurso
“
imperialismo
calamidades
embuste
curso
lustros
millones
euros
servicios
crisis
sistema
salud
siglo
carestía
medicamentos
insumos
fuga
profesionales
medicina
facultativos
países
década
jóvenes
2013
directivos
gremio
país
hospitales
doctor
guerra
pueblo
virus
pacientes
correodelorionoco
virus
pacientes
correodelorionoco
correodelorionoco
septiembre
tamaño
tamaño
candidatos
elección
expertos
disolución
congreso
país
precandidatos
violencia
mundo
brasileños
mundo
brasileños
pese
regalo
pese
regalo
años
fujimorazo
años
fujimorazo
derecha
país
campaña
desinformación
ámbitos
vida
intereses
avances
presidente
gobernador
estado
región
jueves
campaña
desinformación
oposición
mandatario
programa
funcionarios
campaña
sector
ataque
capital
pánico
entidad
bastión
apoyo
proceso
presidente
sentido
campaña
terror
presidente
estado
referencia
virus
centro
forma
complicidad
medios
imágenes
afectados
virus
balance
enfermedad
conjunto
juristas
acciones
gobernador
estado
acuerdo
parte
presidente
ataques
patria
vez
campaña
terror
sistema
salud
r
sister
dog
Integrantes
futbol
enfermos
pesar
desinformación
caos
casos
causa
intento
homicidio
Mentiras
situación
actos
TERRORISMO
infección
venezolanos
jueves
serie
muertes
“síndrome
vilo
población
silencio
inquietud
default
circunstancias
escasez
implantes
marca
titulares
prensa
país
número
cirugías
senos
jueves
muerte
personas
causa
infección
atención
población
ojos
noción
crisis
momento
clínicas
hospitales
insuficiencias
precedentes
personal
declaración
estado
emergencia
desplome
sistema
salud
brotes
malaria
proporciones
casos
dengue
chikungunya
venezolanos
aparición
enfermedad
estamento
marzo
foto
profesionales
salud
insuficiencias
sistema
marzo
foto
profesionales
salud
insuficiencias
sistema
víctimas
víctimas
estado
septiembre
presidente
colegio
entidad
defunciones
“síndrome
síntomas
dengue
chikungunya
malestar
fiebre
dolores
alarma
rapidez
erupciones
sangramientos
insuficiencias
muerte
infección
personas
lapso
horas
lunes
presidente
meningococcemia
padecimiento
origen
fallecidos
allegados
meningococcemia
experto
enfermedades
entrevista
virus
dengue
chikungunya
mosquitos
aedes
albopictus
aedes
aegypti
foto
virus
dengue
chikungunya
mosquitos
aedes
albopictus
aedes
aegypti
foto
males
expansión
epidemias
dengue
chikungunya
personas
síntomas
cuadros
shock
fallas
órganos
muerte
meningococcemia
frente
epidemias
ministro
1992-1993
director
muertes
enemigos
medidas
especialistas
población
tiempo
virus
dengue
chikungunya
mosquitos
aedes
albopictus
aedes
aegypti
semanas
localidades
estados
campaña
fumigación
abatización
ébola
casos
fiebre
retorno
malaria
negación
embargo
investigador
situación
actuación
cara
emergencia
denominador
muertes
médico
problema
salud
través
policía
cuerpo
autopsia
morgue
información
respecto
secretismo
recelo
filas
historia
muertes
virus
miras
oposición
trampa
rumor
caso
científicos
autoridades
día
tanto
profesionales
salud
estado
emergencia
decisión
desburocratización
transferencia
recursos
importación
medicamentos
registro
medidas
frente
crisis
habitantes
país