que
donde
se
se
se
que
que
que
cómo
que
se
qué
se
que
yo
nada
que
que
que
se
Se
Se
se
que
se
que
se
se
ello
cómo
se
qué
la
que
se
que
que
que
se
se
se
cuyo
se
quien
que
que
se
se
donde
se
quienes
nada
se
nada
uno
que
que
lo
que
Se
que
se
se
que
alguna
que
donde
se
que
que
se
que
se
que
otras
que
se
mismos
que
se
que
cuyo
mismo
se
se
que
que
que
se
que
que
que
una
otra
se
se
se
le
uno
que
que
se
que
le
que
que
que
ellos
otras
quien
se
Qué
se
Cómo
algo
que
que
algo
lo
quien
que
se
que
que
uno
donde
que
donde
una
que
que
se
Esto
que
se
la
se
que
él
donde
se
que
algo
que
le
se
donde
donde
se
se
se
que
él
se
quien
que
otros
todo
lo
que
que
que
ello
se
se
que
que
se
las
cual
se
se
alguna
Se
se
se
cuyo
que
se
se
se
se
que
lo
me
que
donde
quien
le
quien
nada
se
que
se
se
se
que
lo
se
que
esto
que
algo
ellos
donde
que
que
donde
que
quien
que
que
cómo
se
lo
se
cuales
se
que
se
todo
donde
se
que
que
que
que
se
que
que
qué
se
Yo
se
que
que
que
unas
que
nos
quien
se
se
que
que
que
ellos
se
que
se
se
que
se
nadie
les
él
se
los
se
que
que