Europa
EEUU
Brexit
OMC
Washington
Reino
Unido
Doctor
Sarmiento
HCM
Casos
#
Venezuela
ForoCandanga
https
://pic.twitter.com/DdwY4bRxI4
Aragua
Edo
Gobernador
TV
Homicidio
Dr
Sarmiento
Hezbollah
Agent
Antonio
Maria
Delgado
Centro
Médico
Caracas
Centro
Médico
Caracas
ARIANA
CUBILLOS
AP
Médicos
Nicolás
Maduro
Aragua
Caracas
Duglas
León
Natera
Federación
Médica
Venezolana
Aragua
Colegio
Médicos
Aragua
Angel
Sarmiento
Maracay
Aragua
Maracay
Sarmiento
Sarmiento
Sarmiento
Colegio
Médicos
Aragua
Venezuela
Secretaría
Salud
Tarek
Aissami
ADECO
Colegio
Médicos
ARAGUA
Aissami
Twitter
Sarmiento
Acción
Democrática
Natera
Hospital
Central
Maracay
Natera
Hospital
Central
MARACAY
Corposalud
Aragua
Hospital
Maracay
http
://goo.gl/4Zxlmw
PSUV
Maracay
CIA
Maracay
ABSOLUTAMENTE
FALSA
Maracay
EUROPA
PRESS
Maracay
Universidad
Central
Venezuela
Venezuela
Salud
Nancy
Pérez
Sierra
Julio
Castro
Nacional
Maracay
Hospital
Central
Maracay
Castro
Valles
Tuy
Caracas
Aedes
aegypti
Aedes
albopictus
Ministerio
Salud
Academia
Nacional
Medicina
Sociedad
Venezolana
Infectología
Red
Sociedades
Científicas
Médicas
Venezolanas
Instituto
Medicina
Tropical
UCV
Ejecutivo
Organización
Mundial
Salud
OMS
Ministerio
Maracay
Gobierno
Nicolás
Maduro
Sociedades
Científicas
Médicas
Colegio
Médicos
Aragua
Tareck
Aissami
Ángel
Sarmiento
Venezuela
Daniel
Pardo
BBC
Mundo
Caracas
Facebook
Comparte
Messenger
Comparte
Twitter
Comparte
Email
Compartir
Derechos
imagenBBC
WORLD
SERVICE
Image
caption
Aragua
Hospital
Central
Maracay
HCM
Aragua
Clínica
Luis
Razetti
Caracas
Venezuela
Aragua
Tareck
Aissami
Comunicaciones
Delcy
Rodríguez
BBC
Mundo
Julio
Castro
Universidad
Central
Venezuela
Derechos
imagenBBC
WORLD
SERVICE
Image
caption
Hospital
Central
Maracay
Colegio
Médicos
Aragua
Ángel
Sarmiento
HCM
BBC
Mundo
Sarmiento
Corporación
Salud
Aragua
Hospital
Instituto
Nacional
Higiene
Consalud
Caracas
Rodríguez
Aissami
Fiscalía
Sarmiento
imagenBBC
WORLD
SERVICE
Image
caption
Ángel
Sarmiento
Colegio
Médicos
Aragua
Fiscalía
Aragua
Luis
López
López
Unión
Radio
Julio
Castro
HCM
Maracay
Castro
Caribe
Aragua
Salud
Organización
Mundial
Salud
Venezuela
Venezuela
Derechos
BBC
WORLD
SERVICE
Image
estado
Aragua
Hospital
Central
Maracay
Venezuela
Asociación
Venezolana
Clínicas
Hospitales
Federación
Médica
Castro
Maracay
Venezuela
Castro
Colombia
Salud
Venezuela
Colombia
Castro
Caribe
Sres
Gobernadores
Alcaldes
Dra
Confucio
Hezbollah
Agent
Choripollo
Chikungunya
Ejecutivo
Jorge
Arreaza
@
Jaarreaza
Colegio
Médicos
Aragua
Ángel
Sarmiento
Hospital
Maracay
Pueblo
Colegio
Médicos
Aragua
Ángel
Sarmiento
Hospital
Central
Maracay
Tareck
Aissami
Sarmiento
Ministerio
Público
Presidente
Colegio
Médicos
Aragua
Asamblea
Nacional
Diosdado
Cabello
AN
Ministra
Delcy
Rodríguez
Rosendo
Gómez
Peraza
Guaira
Estados
Unidos
Caracas
Cipriano
Castro
Gómez
Peraza
Costaguana
Gobierno
Gómez
Peraza
Castro
Rafael
Rangel
América
Rangel
Rangel
Rubén
Blades
Rangel
Castro
Vargas
Venezuela
Rangel
Rangel
Gómez
Peraza
Castro
Guaira
Rangel
Rangel
Gómez
Peraza
Stockmann
Guaira
Europa
Castro
Venezuela
Guaira
Cipriano
Castro
Estado
Aragua
Ángel
Sarmiento
Estado
Tareck
Aissami
Estado
Hospital
Central
Maracay
Caracas
Federación
Médica
Sarmiento
Gobierno
Venezuela
Cuba
Federación
Médica
España
Ángel
Sarmiento
Epidemiólogos
Hospital
Central
Maracay
Epidemiólogos
Hospital
Central
Maracay
Foto
Publicado
0Comentarios
Comentarios
Aumenta
Texto
Disminuye
Texto
Videos
TelesurTelesur
Debaten
Mateo
Grille
TelesurTelesur
Corroboran
Verónica
Insausti
TelesurTelesur
Argentina
Alberto
Fernández
Edgardo
Esteban
TelesurTelesur
EE.UU.
Jorge
Gestoso
BLOGS
fascismo
Brasil
fascismo
Brasil
Tulio
Ribeiro
Declaración
Balfour
Declaración
Balfour
Pablo
Jofre
Leal
Traiciona
Netanyahu
Trump
Jerusalén
Traiciona
Netanyahu
Trump
Jerusalén
Alfredo
Jalife
Perú
Vizcarrazo
Perú
Vizcarrazo
Itzamná
Ollantay
Revolución
Bolivariana
Asamblea
Nacional
Venezuela
Diosdado
Cabello
Aragua
Tareck
Aissami
Cabello
Mazo
Venezolana
Televisión
Hospital
Central
Maracay
Aissami
Nicolás
Maduro
Colegio
Médicos
Aragua
Ángel
Sarmiento
Procurador
General
República
Aragua
Agencia
Venezolana
Noticias
Legislativo
My
has
She
loves
Equipo
Aragua
Chikungunya
Hezbollah
Agent
Síndrome
Febril
Hemorragico
Dr
Sarmiento
Hezbollah
Agent
Ley
Churuguara
Hospital
Maracay
Pueblo
Gobierno
Venezuela
Venezuela
Estados
Unidos
Brasil
México
Alemania
Aragua
Ángel
Sarmiento
Caracas
Federación
Médica
Venezolana
Douglas
León
Natera
Rafael
Orihuela
DW.
Orihuela
Orihuela
Sanidad
Asistencia
Social
Hospital
Universitario
Caracas
Caracas
Aragua
Carabobo
Miranda
Vargas
Orihuela
DW
América
Latina
Venezuela
Venezuela
Estado
Ejecutivo
Gobierno
Orihuela
Gobierno
Ébola
Orihuela
Organización
Panamericana
Salud
Venezuela
Ministerio
Salud