,
,
.
,
,
,
"
"
.
"
"
"
"
"
"
.
.
com
,
.
.
.
.
.
“
”
,
.
,
,
.
”
,
,
.
,
,
,
,
”
,
.
,
,
.
,
,
.
,
.
.
”
,
.
“
”
,
.
,
,
,
,
,
,
”
.
,
.
“
,
,
,
”
,
.
,
.
,
,
”
,
.
.
“
,
,
”
,
.
.
.
,
,
,
.
”
,
,
.
.
,
,
.
,
.
“
,
”
,
.
!
,
.
.
?
¡
!
,
,
:
.
!
!
.
.
.
.
"
"
"
"
,
.
,
,
,
,
.
.
,
.
,
,
.
"
"
,
.
,
,
"
,
"
,
"
,
"
.
"
"
,
.
,
,
,
"
"
.
,
,
.
,
,
,
,
,
,
,
"
(
)
"
.
,
.
,
,
,
,
.
"
"
.
,
,
,
,
.
"
"
,
.
,
"
"
,
.
"
"
,
"
"
.
"
"
(
)
,
,
.
,
;
.
,
"
"
"
"
.
,
,
,
,
"
"
"
"
.
"
"
,
,
.
"
,
,
"
,
.
.
,
,
,
.
"
:
,
,
"
,
.
:
"
"
.
,
.
,
,
.
,
"
"
.
.
.
,
:
,
,
,
,
.
,
,
.
.
,
,
.
¿
?
,
,
,
.
"
.
,
,
,
,
(
...
)
"
,
.
,
,
"
:
,
"
.
,
,
"
"
.
"
"
,
.
,
.
,
,
.
,
,
,
.
:
.
,
,
"
"
.
,
,
"
,
,
"
.
"
,
"
,
,
.
,
mil.
,
,
.
"
"
,
.
"
,
"
.
:
.
,
.
.
-
,
,
,
.
“
,
,
.
,
,
,
,
,
.
,
,
,
,
,
,
.
,
.
:
,
,
,
,
,
:
.
,
,
,
.
,
,
,
,
,
,
,
,
.
,
,
,
,
.
,
,
,
,
,
,
.
:
.
,
.
“
”
.
,
,
,
—
jefe.
,
,
,
,
,
.
.
,
”
.
,
,
,
”
:
,
.
,
,
.
,
,
.
,
,
,
.
,
,
.
,
,
,
,
,
,
,
,
(
)
,
.
.
,
,
.
.
,
,
,
,
:
.
,
,
,
.
,
,
.
(
)
(
)
:
-
:
:
¿
,
?
¿
,
.
.
.
:
:
.
,
;
(
)
,
,
.
“
”
;
.
“
(
)
”
;
.
,
,
.
.
”
.
:
“
.
,
,
m
.
him.
,
,
"
"
,
"
"
.
,
"
"
,
(
)
,
”
.
.
,
.
,
,
,
,
.
,
(
)
,
,
,
.
,
,
,
.
(
)
,
.
(
)
,
.
.
,
,
,
”
:
,
,
.
,
;
,
;
.
(
)
.
“
”
,
,
.
“
,
,
.
”
,
,
,
:
“
(
)
”
.
:
“
(
)
”
.
“
–
–
:
,
.
”
,
(
)
,
.
,
.
“
,
,
,
.
”
,
.
¿
?
,
,
.
“
;
,
.
,
.
“
,
”
,
,
.
,
;
,
.