autorizó
permitirá
imponga
profundiza
publicaron
informó
registran
están
meningoccenía
echando
intenta
sera
acabará
siembra
espera
atendidos
espera
atendidos
lanzaron
mata
saben
tratar
minimizada
calificaron
notificar
dejado
dijeron
preocupar
sabemos
trata
admitió
“Hay
entiendo
saben
saben
agregó
emitidas
convocó
advertir
provocado
dijo
tratar
genera
sabemos
producida
sabemos
descartado
haciendo
dado
manifestó
presenta
agregó
trasladados
incluían
convirtieron
presentar
comienza
viene
advirtió
tratar
produce
produce
hacer
brindar
comentó
logrado
hacer
contraído
ataca
llegado
muerto
dijo
dijo
decidió
declarar
Añadió
hecho
aboquen
puesto
combatir
colaborar
tomada
calificó
generar
extrañar
encabece
expresó
acusando
mentir
dejado
hacer
recomendar
colabore
cortar
absteniendo
visitar
dijo
Agregó
abstengan
visitar
tratadas
acerquen
tienen
ver
dijo
existe
encontró
Pruebe
haz
encontrada
buscas
existe
usaste
intenta
ubicar
usa
encontrar
buscas
desatado
niega
investigando
Pedimos
asegura
tenían
asegurado
tenían
indicado
descartado
sigue
estimado
informado
fijo
informado
presumen
permanecerá
asegurado
fallecieron
contrajeron
subrayado
situado
permaneció
trasladado
tratado
articular
recordado
transmite
explicado
desarrollen
demostrar
afronta
informado
supone
registraron
participado
pedido
cambie
establece
propuesto
sirve
diferenciar
extiende
afectado
diferenciar
incluyen
reunieron
oculta
expresado
anunciado
abrir
levantan
criminalizados
asegurado
manifestado
tienen
denunciar
hacer
notificar
sabe
desconcierta
Comparte
dice
buscan
angustiar
murieron
desencadenó
tiene
discutiendo
murieron
informaron
pronunciado
desmintió
calificó
refieren
angustiar
vuelto
dice
impide
pasando
asegura
reportado
informó
conocemos
presenta
dijo
advirtió
informar
hacer
esperar
entrar
dijo
confirmó
enviadas
depende
calificaron
pretenden
angustiar
Denunciaron
compartiendo
generar
pidieron
abriera
confirmaron
ocurrieron
informó
investigado
detiene
aseguró
deben
admitir
pasando
ocurre
genere
ocurriendo
alertar
aseguró
estado
reitera
indica
pasado
morir
tiene
estado
dice
llegado
presentan
padecen
caption
está
tenido
vive
hecho
pidan
declarar
admitido
viven
dice
cree
creemos
ver
tiene
dado
asegura
refiriendo
considera
pone
encontró
estiman
llegará
detectó
contado
llegó
dice
esconder
llegó
hagan
Declaren
pronunció
angustiar
catalogadas
señaló
ofreció
denunciaba
presentar
aclaró
señaló
corresponden
solicitó
abrir
consignando
corrobora
solicitó
pidió
nombrar
acompañar
causar
comentó
pagó
envió
desató
ordenó
encarcelar
propalar
dañar
desacreditar
enviar
despachó
ninguneado
terminado
decir
perviven
cumplir
hecho
nutren
llamaría
afirmado
sentía
apañó
detectar
aislar
refutar
impidió
matando
tuvo
rendir
desdecir
pronunciando
sufrir
cerró
declaró
acometió
dependió
hizo
pedir
hallaba
derrocado
ver
tardó
suicidar
ingiriendo
presenta
hace
viene
atraviesa
entienden
duda
encarcelar
ose
dar
tocado
acusado
pedido
investiguen
tener
declare
registren
presenta
hace
mueren
escribo
reportar
hecho
respaldado
requiere
acusar
inventar
desestabilizar
ocurre
transferido
pagar
vive
emigrado
afirman
abandonado
quedan
Rechazan
constataron
albergaba
constataron
albergaba
insta
construir
debatirán
amenaza
amenaza
Aseguran
pretende
instaurar
responda
detener
condenaron
compartió
Dando
desmontar
provocó
pretendían
señaló
considera
gobierna
denunció
hacía
denunció
mostrar
presentar
dicho
preparemos
informó
manifestó
Sabemos
mueven
sumar
permitir”
recuperan
Evitemos
estudiando
juzgado
angustiar
catalogadas
inquieta
mantiene
disipa
registra
monopolizaría
realiza
realzar
acapara
redefine
reportan
exige
evitar
alcanzan
multiplican
cesar
necesitaban
protestaron
protestaron
fallecieron
atribuyó
sonó
aparecieron
mató
sabemos
trata
admitió
creo
trate
atendidos
enfermen
explica
causan
transmitidos
causan
transmitidos
Prefiero
afectando
propicia
Descartar
deja
acota
comprobar
causadas
tomar
demandando
causan
transmitidos
proliferado
acabaría
comenta
RECOMIENDA
Llegará
suma
señala
visto
negando
amenazando
encarcelar
habló
secuestró
realizara
niega
difundir
genera
angustia”
asegura
circular
causadas
cayera
regara
hizo
dice
planean
reunir
poner
esperando
declare
haría
hacer
afligen