Sarmiento: 15
Castro: 13
Rangel: 8
Ángel: 7
Orihuela: 6
Gómez: 5
Peraza: 5
Nicolás: 3
Maduro: 3
Natera: 3
Julio: 3
Tareck: 3
Rodríguez: 3
Aissami: 2
Luis: 2
Delcy: 2
López: 2
Jorge: 2
Cipriano: 2
Rafael: 2
Vargas: 2
Netanyahu: 2
Antonio: 1
Maria: 1
Delgado: 1
ARIANA: 1
Angel: 1
Tarek: 1
Nancy: 1
Pérez: 1
Sierra: 1
Razetti: 1
Sres: 1
Gobernadores: 1
Alcaldes: 1
Arreaza: 1
Jaarreaza: 1
Rosendo: 1
Rubén: 1
Blades: 1
Stockmann: 1
Epidemiólogos: 1
Mateo: 1
Grille: 1
TelesurTelesur: 1
Corroboran: 1
Verónica: 1
Insausti: 1
Alberto: 1
Fernández: 1
Gestoso: 1
Tulio: 1
Ribeiro: 1
Pablo: 1
Jofre: 1
Leal: 1
Trump: 1
Alfredo: 1
Jalife: 1
Perú: 1
Itzamná: 1
Ollantay: 1
Diosdado: 1
Cabello: 1
Chikungunya: 1
Douglas: 1
León: 1
Miranda: 1