”: 24
Venezuela: 18
“: 14
Hospital Central de Maracay: 10
Maracay: 9
Caracas: 8
estado Aragua: 7
Rangel: 7
Aragua: 6
Orihuela: 5
Aissami: 4
Colegio de Médicos: 3
Colegio de Médicos de Aragua: 3
La Guaira: 3
Gobierno: 3
Brasil: 3
Europa: 2
Centro Médico de Caracas: 2
Caribe: 2
Hospital de Maracay: 2
Pueblo: 2
Estado: 2
Tareck El Aissami: 2
Epidemiólogos: 2
Trump: 2
“Los: 2
EEUU: 1
Brexit: 1
Washington: 1
Reino Unido: 1
Edo: 1
“burbujitas”: 1
“Después: 1
Colegio de Médicos de ARAGUA: 1
Natera: 1
Hospital Central de MARACAY: 1
Hospital de Maracay http://goo.gl/4Zxlmw: 1
EUROPA: 1
Valles del Tuy: 1
Instituto de Medicina Tropical de la UCV: 1
Ministerio: 1
Gobierno de Nicolás Maduro: 1
Tareck: 1
HCM: 1
Clínica: 1
Comunicaciones: 1
Hospital: 1
Rodríguez: 1
El Aissami: 1
estado de Aragua: 1
Asociación Venezolana de Clínicas y Hospitales: 1
de Colombia: 1
Colombia: 1
Choripollo: 1
Colegio de Médicos de Aragua Ángel Sarmiento: 1
Ministerio Público: 1
Costaguana: 1
América: 1
Hombre: 1
Brillante: 1
Estado de Aragua: 1
Cuba: 1
España: 1
Argentina: 1
EE.UU: 1
Vizcarrazo: 1
De: 1
“Le: 1
Y el silencio del Gobierno: 1
Estados Unidos: 1
México: 1
Alemania: 1
Sanidad: 1
Hospital Universitario de Caracas: 1
Carabobo: 1
Miranda: 1
Vargas: 1
América Latina?: 1
Ministerio de la Salud: 1