Venezuela: 17
Maracay: 10
Hospital Central de Maracay: 9
estado Aragua: 8
Caracas: 7
Aragua: 6
Orihuela: 5
Colegio de Médicos: 3
Colegio de Médicos de Aragua: 3
La Guaira: 3
Brasil: 3
Europa: 2
Centro Médico de Caracas: 2
Hospital de Maracay: 2
Estados Unidos: 2
TelesurTelesur: 2
EEUU: 1
Washington: 1
Reino Unido: 1
Colegio de Médicos de ARAGUA: 1
Hospital Central: 1
MARACAY: 1
Corposalud Aragua: 1
Hospital de Maracay http://goo.gl/4Zxlmw: 1
Valles del Tuy: 1
Ministerio de Salud: 1
Instituto de Medicina Tropical de la UCV: 1
Ministerio: 1
Clínica: 1
Hospital: 1
Instituto Nacional de Higiene y Consalud: 1
La Organización Mundial de la Salud: 1
Asociación Venezolana de Clínicas y Hospitales: 1
de Colombia: 1
Colombia: 1
Caribe: 1
Colegio de Médicos de Aragua Ángel Sarmiento: 1
Ministerio Público: 1
Costaguana: 1
América: 1
hospital Vargas: 1
Estado de Aragua: 1
Cuba: 1
España: 1
Argentina: 1
EE.UU: 1
México: 1
Alemania: 1
Hospital Universitario de Caracas: 1
estados Aragua: 1
Carabobo: 1
Miranda: 1
Vargas: 1
Organización Panamericana de la Salud: 1
Ministerio de la Salud: 1