”: 3
Además: 2
Foto de archivo: 2
Un grupo de pacientes: 2
“: 2
Twitter: 2
Fiscalía: 2
Chikungunya: 2
El trastorno es mortal: 2
Homicidio: 1
Dr: 1
Pero la advertencia: 1
Las primeras advertencias: 1
El presidente de se cuerpo colegiado: 1
Se ha descartado meningococcemia: 1
Se están haciendo pruebas de descarte de estafilococo y de todo tipo: 1
Las ocho víctimas: 1
Lo único que se puede hacer: 1
Lo único que han podido hacer: 1
Natera.

: 1
Uups!: 1
¡Oops!: 1
Facebook: 1
Messenger: 1
Email Compartir
Derechos: 1
El gobernador de Aragua: 1
La información: 1
El gobernador del estado Aragua: 1
Tareck: 1
La cronología de los hechos
Derechos de autor de la imagenBBC WORLD SERVICE
Image caption
Nueve: 1
Los funcionarios: 1
Derechos de autor de la imagenBBC WORLD SERVICE
Image caption
Ángel Sarmiento: 1
Ahora: 1
¿Qué: 1
No hay emergencia: 1
muertos de Maracay: 1
El chikungunya: 1
Derechos de autor de la imagenBBC: 1
WORLD SERVICE
Image: 1
Alcaldes: No le hagan caso a la Dra: 1
El presidente del Colegio de Médicos: 1
El gobernador de la entidad: 1
Tareck El Aissami: 1
Presidente del Colegio de Médicos de Aragua: 1
El cónsul de Estados Unidos: 1
La noticia desató la ira de nuestro dictador de entonces, el canijo: 1
Demasiado amulatado para el gusto de lo que el cantautor: 1
Lo cual no impidió: 1
Al cabo: 1
Se cerró el puerto: 1
Al verse sin valedor: 1
Este relato de medicina y autoritarismo tropicales me: 1
Los pacientes mueren: 1
Comentarios
Aumenta tamaño de Texto: 1
Texto
Videos
TelesurTelesur
: 1
27-O
Mateo Grille
TelesurTelesur
Corroboran: 1
“Con el Mazo: 1
Síndrome Febril Hemorragico: 1
Dr.: 1
Después de todo: 1
Las ocho primeras víctimas: 1
La meningococcemia: 1
El menor de los males

“Prefiero: 1
chikungunya –: 1
–: 1
Ese secretismo: 1
Ébola: 1