BBC Mundo: 3
”: 3
Federación Médica Venezolana: 2
“Hay: 2
“No: 2
Universidad Central de Venezuela: 2
Ejecutivo: 2
Organización Mundial de la Salud: 2
HCM: 2
TERRORISMO: 2
OMC: 1
ARIANA CUBILLOS AP: 1
Secretaría de Salud del estado: 1
“: 1
Acción Democrática: 1
PSUV: 1
CIA: 1
ABSOLUTAMENTE FALSA: 1
Salud: 1
Aedes albopictus: 1
Ministerio de Salud: 1
Academia Nacional de Medicina: 1
Sociedad Venezolana de Infectología: 1
Red de Sociedades Científicas Médicas Venezolanas: 1
OMS: 1
Sociedades Científicas Médicas: 1
WORLD SERVICE
Image: 1
Corporación de Salud de Aragua: 1
Instituto Nacional de Higiene y Consalud: 1
Unión Radio: 1
ministerio de Salud.

: 1
Federación Médica: 1
El Hezbollah Agent: 1
Asamblea Nacional Diosdado Cabello: 1
AN: 1
La Federación Médica venezolana: 1
Según la Federación Médica: 1
Revolución Bolivariana: 1
Asamblea Nacional de Venezuela: 1
Venezolana de Televisión: 1
Procurador General de la República: 1
Agencia Venezolana de Noticias: 1
Legislativo: 1
Equipo de futbol de Aragua: 1
Organización Panamericana de la Salud: 1