Sarmiento: 10
Castro: 8
Ángel Sarmiento: 7
Gómez Peraza: 4
Hezbollah Agent: 3
Julio Castro: 3
Nicolás Maduro: 2
Cipriano Castro: 2
Declaración Balfour: 2
Traiciona Netanyahu: 2
Jerusalén: 2
Doctor Sarmiento: 1
Mientras Aragua: 1
Gobernador: 1
Ojo: 1
Antonio Maria Delgado

adelgado@elnuevoherald.com: 1
Duglas León Natera: 1
Angel Sarmiento: 1
Tarek El Aissami: 1
ADECO: 1
Agregó: 1
Pruebe: 1
Corposalud Aragua: 1
Nancy Pérez Sierra: 1
Según: 1
Aedes: 1
Daniel Pardo: 1
Luis Razetti de Caracas: 1
Delcy Rodríguez: 1
Luis López: 1
López: 1
Sres Gobernadores: 1
Confucio: 1
Declaren: 1
Ejecutivo Jorge Arreaza: 1
“Mentiras: 1
Ministra Delcy Rodríguez: 1
Rosendo Gómez Peraza: 1
Rafael Rangel: 1
Rubén Blades: 1
Stockmann de La Guaira: 1
general Castro: 1
Verónica Insausti
TelesurTelesur: 1
Alberto Fernández: 1
Edgardo Esteban
TelesurTelesur: 1
Jorge Gestoso: 1
Tulio Ribeiro
: 1
Pablo Jofre Leal: 1
Alfredo Jalife
Perú: 1
Vizcarrazo: 1
fujimorazo
Perú: 1
Itzamná Ollantay: 1
Diosdado Cabello: 1
Cabello: 1
Ley de Churuguara: 1
Douglas León Natera: 1
“Yo: 1
Rafael Orihuela: 1
Descartar: 1
Asistencia Social: 1