Sarmiento: 10
Castro: 9
Ángel Sarmiento: 8
Rangel: 7
Gómez Peraza: 4
Nicolás Maduro: 2
Natera: 2
Julio Castro: 2
Cipriano Castro: 2
Doctor Sarmiento: 1
Casos: 1
Antonio Maria Delgado: 1
Angel Sarmiento: 1
Nancy Pérez Sierra: 1
Daniel Pardo: 1
Luis Razetti de Caracas: 1
Delcy Rodríguez: 1
Luis López: 1
López: 1
Confucio: 1
Jorge Arreaza: 1
Ministra Delcy Rodríguez: 1
Rosendo Gómez Peraza: 1
Rafael Rangel: 1
Rubén Blades llamaría “: 1
Stockmann de La Guaira: 1
Alberto Fernández: 1
Edgardo Esteban: 1
Jorge Gestoso: 1
Tulio Ribeiro
Pablo Jofre Leal: 1
Alfredo Jalife
Diosdado Cabello: 1
Douglas León Natera: 1
Rafael Orihuela: 1
