Fuerte
negativos
global
europeo
pobres
manufacturera
norteamericano
fallecidos
rara
posible
Tentativa
moral
desconocida
mortifera
pasado
pasado
venezolanos
llamado
misteriosa
central
oficial
contagiosa
peligrosa
desconocido
total
absoluto
sanitarias
medicos
publica
agrego
primeras
colegiado
telefonica
genera
gran
telefonica
provenientes
general
burbujitas
internas
externas
respiratoria
hepatica
renal
unico
general
debido
siguiente
sanitaria
cientificas
sanitaria
emprendida
expreso
partido
estatal
unico
epidemiologica
ultimos
visitados
importante
importante
siguientes
buscas
erroneo
principal
buscas
digitales
supuesta
falso
Fuertes
inoculado
desatada
desconocida
vzlana
desconocida
ofrecida
medicas
anunciados
pasada
ultimo
elevadas
fijo
epidemiologica
venezolano
permanecera
mas
febril
hemorragico
pasada
paciente
primaria
articular
claras
importantes
humanos
debido
grave
diagnosticados
pasada
anterior
pertenecientes
NECESARIA
ultimo
necesarios
renales
hepaticos
desconocida
politicas
despertadas
judicial
gremial
afectados
criminalizados
legal
desconocida
publico
ocurrido
misteriosa
falsas
sociales
divulgada
misteriosa
similares
anteriores
muertes
anteriores
misteriosa
mediatica
complejo
prestigiosos
neutral
Derechos
similares
pasado
correspondientes
gubernamental
afines
sociales
falsas
muertos
comunes
primeros
anadido
sociales
venezolanos
algida
local
desconocido
colectiva
primeros
aseguro
cierto
clinico
hemorragica
cardiacas
medicos
primeros
resguardados
publico
leve
grave
clinica
africano
transmitido
ultimos
afectados
vectoriales
epidemiologico
fuerte
vectoriales
peores
medicos
sanitaria
hospitalaria
seria
desproporcionada
raro
transparente
tropical
primer
oficiales
dicha
pasado
americano
indiscutible
llego
social
twitter
lanzada
supuesto
bacteriologico
desconocido
solo
psicologico
febril
general
causadas
identificada
emitidas
formal
judicial
realizados
medicas
oficial
identificado
igual
judicial
medicas
perversas
psicologico
hecho
clarisimo
bubonica
presente
rijoso
irascible
general
ordeno
alarmante
dirigido
menguado
exterior
disfuncional
talentoso
notable
tropical
medroso
linajuda
medica
caraquena
raciales
brillante
hecho
amulatado
panameno
llamaria
blanca
generoso
flamante
apano
pestis
aduanales
negra
primer
bubonica
alguna
rigurosa
sanitaria
gran
discretas
enemigo
tardo
moscatel
mortal
febril
hemorragico
indistinguible
tropicales
sugerido
grave
sanitaria
anos
publicas
mas
igual
medica
populoso
criminal
fascista
sanitaria
pasada
estadal
fatal
inexplicable
venezolanos
mortal
febril
hemorragico
indistinguible
causado
africana
venezolana
publica
rapida
eficaz
oficial
socorrido
fascista
publicitados
medicos
primarios
grave
caracterizada
dramatica
grave
masiva
medicos
graduados
desalmados
terroristas
psicologica
venezolano
nacionales
contagioso
nacionales
contagioso
correodelorionoco
correodelorionoco
tamano
presidenciales
peruano
legal
federal
democratas
armada
nacional
lanzada
Cabello
regional
transmitido
estatal
mediatica
salud
araguena
revolucionario
comandado
lanzada
misterioso
hospitalario
igual
internacionales
presuntos
fallecidas
presunta
internacionales
resenado
manifesto
venezolano
loves
solo
moral
psicologico
pasado
subitas
atribuidas
febril
hemorragico
venezolana
local
general
normales
mamarios
monopolizaria
local
mayor
plasticas
pasado
inusual
sanitaria
privadas
publicos
absoluto
epidemicas
ultimo
desconocida
medico
sanitario
venezolano
sanitario
venezolano
mortales
conocidas
primeras
septentrional
medico
febril
hemorragico
similares
general
musculares
articulares
sono
cutaneas
seguidas
internos
externos
respiratorias
hepaticas
renales
mato
bacteriano
ultimos
contagiosa
letal
experto
tropicales
aedes
aedes
menor
vertiginosa
virales
atipicos
severos
graves
organos
conocidas
misteriosas
identificados
aedes
aegypti
ultimas
efectiva
acabaria
chikunguna
ominoso
malaria
agravada
comenzo
registradas
primer
publica
tecnica
judicial
fallecido
estatal
cayera
ocurrido
sanitaria
viable
economicos
directa
previo
sanitarias
sudamericano