Oficialmente
Alerta
aqui
no
aun
altamente
No
no
absolutamente
no
no
no
No
no
lamentablemente
no
luego
No
no
mucho
muy
mal
tambien
no
No
ahora
muy
tambien
no
no
Aqui
no
encontro
no
no
probablemente
TOTALMENTE
menos
menos
Asimismo
no
No
posteriormente
asi
muy
tambien
no
muy
solo
tambien
ya
profundamente
hoy
tambien
entonces
mas
no
acerca
mas
mas
no
medicamente
politicamente
ahora
no
advirtio
antes
seguida
Luego
Ahora
entonces
no
no
no
No
no
mas
actualmente
no
poco
tambien
encontro
no
No
ya
no
no
no
no
entonces
obviamente
ya
antes
entonces
acaso
no
tambien
aun
insidiosamente
antes
ya
hoy
Demasiado
muy
primero
no
asi
dolosamente
no
mas
tarde
no
hoy
aun
mucho
no
menos
luego
ahora
sintomaticamente
enfaticamente
yanqui
alrededor
muy
mas
mas
menos
ya
ya
solo
no
no
mas
no
dentro
no
satisfactoriamente
ahora
no
tanto
Ya
Ya
No
no
ahora
directamente
altamente
facilmente
menos
frente
tambien
bien
ya
mas
formalmente