ser
ser
fue
ha
hay
Hay
hay
son
fueron
ha
siendo
es
ha
ha
hay
es
fueron
puede
hay
puede
es
han
han
Hay
ha
ha
han
han
estar
siendo
es
sea
ha
han
podido
es
es
fueron
Es
Pruebe
fue
es
han
sea
es
ha
ha
ha
sido
han
puede
haber
ha
son
ha
ha
hay
ha
ha
fue
fue
ha
son
ha
ha
ha
habido
han
han
han
ha
es
ha
ha
va
Estamos
sean
ha
ha
ha
ha
han
Es
era
hay
sido
fueron
estaban
fue
es
es
vamos
hay
hay
estuviera
ha
hay
es
han
hay
es
ha
es
ha
ha
ha
ha
va
puede
ser
ha
han
hay
es
pueden
ser
fue
Hay
fue
somos
era
haber
hay
era
ha
hubo
era
pudo
fue
es
ha
ha
ha
pueda
es
ha
ha
han
han
es
es
he
vamos
son
pueden
ser
es
es
era
han
sido
es
son
son
es
puede
estar
fuera
fueron
son
han
ha
es
fueron
planean