caida
bolsas
reportes
economia
tarifas
aranceles
productos
continente
incertidumbre
salida
mercado
datos
actividad
pais
informo
q
adultos
adolescentes
infantes
enfermedad
angustiad
chikungunya
meningoccenia
ebola
chistes
TV
Sarmiento
boomerang
califato
Enfermedad
alarma
venezolanos
adelgado@elnuevoherald.com
SEPTIEMBRE
SEPTIEMBRE
archivo
grupo
pacientes
turno
foto
agosto
Foto
archivo
grupo
pacientes
turno
foto
agosto
jueves
alarma
aparicion
enfermedad
horas
hospitales
pais
advertencia
portavoces
regimen
esfuerzos
publico
campana
desinformacion
terrorismo
enfermedad
dias
saldo
muertos
estado
Pese
indiferencia
medicos
pais
razones
frente
enfermedad
origen
admitio
presidente
alarma
estado
silencio
parte
autoridades
estado
personas
cargo
oficinas
salud
epidemiologia
advertencias
jueves
estado
rueda
prensa
publico
enfermedad
muerte
adultos
presidente
cuerpo
entrevista
hecho
medicos
condiciones
dolencia
preocupacion
bacteria
virus
meningococcemia
pruebas
descarte
estafilococo
tipo
diagnostico
manifesto
medico
forma
enfermedad
entrevista
victimas
puntos
capital
estado
sintomas
malestar
fiebre
manchas
piel
boca
manchas
ampollas
tiempo
pacientes
hemorragias
Despues
sangramiento
insuficiencia
insuficiencia
insuficiencia
muerte
horas
advirtio
enfermedad
momento
tratamiento
sintomas
esfuerzos
pacientes
mal
velocidad
cuerpo
gente
dia
horas
hospitales
estado
emergencia
alerta
medicos
estado
contacto
organizaciones
busqueda
diagnostico
orden
estado
crisis
oferta
gobierno
momento
serio
autoridades
estado
gobernador
anuncios
campana
zozobra
oposicion
presidente
campana
rumores
terrorismo
traves
cuenta
resultado
afiliacion
opositor
indiferencia
medicos
opciones
poblacion
esfuerzos
cadena
enfermedad
casas
lugares
victimas
personas
hospital
victimas
hospital
pagina
iguana
enlaces
busqueda
pagina
pagina
enlace
pagina
buscador
noticia
cadenas
msm
redes
bacteria
ebola
meningococcemia
momento
causa
muertes
sospechas
virus
enfermedad
hospital
medios
respeto
poblacion
medico
muertos
virus
sangre
h
epidemiologo
martes
muertos
enfermedad
virus
sangre
tiempo
caso
espera
resultados
muestras
mas
PUBLICIDAD
rueda
prensa
representantes
organizaciones
casos
chikungunya
frente
casos
ministra
semana
epidemiologo
cifras
brote
fiebre
chikungunya
mas
dolencia
parametro
vigilancia
diario
medicos
enfermedad
pais
semanas
personas
cuadro
dolor
articulaciones
lesiones
piel
semana
virus
infeccion
hospital
embargo
hombre
dias
centro
atencion
zona
clinica
sintomas
fiebre
dolor
dias
evolucion
lesiones
piel
afectacion
edemas
cara
lesiones
vasculitis
doctor
virus
seres
presencia
vector
transmision
caso
mosquitos
nivel
afectacion
--de
cada
habitantes
enfermedad
forma
podria
teoria
pais
brote
chikungunya
parte
aumento
numero
casos
chikungunya
semana
respecto
dias
septiembre
pacientes
fiebre
medicos
rueda
prensa
tipo
diagnostico
serologico
clinico
DIFERENCIACION
medicos
sistema
valoracion
diagnostico
virus
partir
aplicacion
algoritmo
sintomas
puntuaciones
casos
chikungunya
dengue
enfermedad
pais
personas
ano
informe
parametros
enfermedades
vector
contagio
datos
coagulacion
alteracion
estado
conciencia
DENUNCIAS
centenar
medicos
septiembre
noche
datos
muerte
pacientes
'enfermedad
alla
controversias
denuncia
red
apoyo
respecto
procedimiento
gobernador
estado
contra
presidente
asociacion
hecho
medicos
voz
pacientes
cosas
medicos
obligacion
enfermedad
autoridades
enfermedad
medicos
septiembre
actualizacion
actualizacion
actualizacion
actualizacion
autor
gobernador
fotos
enfermedad
redes
venezolanos
informacion
jueves
personas
cuestion
horas
enfermedad
centro
pais
desencadeno
ola
interpretaciones
venezolanos
domingo
personas
condiciones
familiares
doctores
hospital
capital
estado
gobierno
ultimas
desmintio
existencia
enfermedad
informacion
campana
gobernador
estado
ministra
versiones
estrategia
difamatoria
poblacion
caso
vez
profesor
medicina
infectologos
pais
interpretacion
cronologia
hechos
autor
muertes
sintomas
jueves
presidente
informo
muerte
personas
virus
sintomas
casos
fiebre
dolores
articulaciones
manchas
piel
hemorragias
septiembre
similitud
sintomas
rapidez
muertes
laboratorios
pruebas
panico
realidad
muertos
lugar
pruebas
gobierno
dirigentes
gobierno
informaciones
eco
mentiras
poblacion
usuarios
redes
fotos
panico
investigacion
doctor
funcionarios
cifra
ochos
causas
peritonitis
enterocolitis
neumonia
cancer
diabetes
Derechos
autor
presidente
detalles
muertes
domingo
redes
medios
discusion
declaraciones
prensa
lunes
secretario
salud
muertes
fin
semana
virus
emergencia
ebola
muertes
bacteria
muerte
caso
meningococcemia
entrevista
doctor
contacto
doctores
cuadro
fiebre
dolores
articulaciones
fallas
historiales
muertos
direccion
hospital
pacientes
enfermedad
moderada
dias
sospecha
virus
origen
picadura
mosquito
auge
meses
estados
enfermedades
boletin
ministerio
paises
virus
personas
fiebre
dolor
articulaciones
salpullidos
chikungunya
crisis
salud
autor
imagen
estado
capital
incidencia
enfermedades
sector
crisis
anos
escasez
medicamentos
insumos
instituciones
gobierno
emergencia
gobierno
falta
medicamentos
dificultades
hospitales
declaratoria
emergencia
obstante
tema
partes
pais
relacion
situacion
pais
virus
expresion
manejo
salud
manejo
informacion
torno
enfermedad
ejemplo
pais
ministerio
casos
chikungunya
caso
entidades
casos
enfermedad
ano
continente
evasion
hechos
vector
pais
paises
tropico
caso
guerra
vicepresidente
traves
cuenta
red
campana
terrorismo
opinion
jueves
presidente
relacion
muerte
personas
brote
situacion
actos
TERRORISMO
senalo
presidente
estado
doctor
jueves
declaraciones
muerte
personas
adultos
cuadro
malestar
erupciones
piel
virus
bacteria
gobernador
entidad
rueda
prensa
causas
muertes
personas
senalo
declaraciones
doctor
solicito
manera
investigacion
senalamientos
pruebas
historias
causa
fallecimiento
personas
virus
manera
fiscalia
resguardo
historias
presidente
comision
diputados
investigacion
campanas
terrorismo
poblacion
tarde
marzo
1908
doctor
jefe
medicatura
puerto
cafe
estacion
ferrocarril
diagnostico
tarde
caso
peste
consul
tertulia
cuenta
derecho
oficina
telegrafo
cable
embajador
noticia
ira
dictador
canijo
infundio
comercio
republica
paso
prision
puerto
bachiller
precursor
bacteriologia
Hombre
extremo
profesion
estudios
medicina
prejuicios
pais
aportaciones
manuales
bacteriologia
gusto
cantautor
sociedad
bachiller
deuda
benefactor
general
patrocinador
laboratorio
bacteriologia
hospital
director
jefe
consecuencia
yersinia
epidemia
diagnostico
regocijo
camara
comercio
lonja
agencias
peste
gente
docenas
cabo
semanas
dictador
evidencia
informe
palabra
represalia
puerto
cuarentena
acometio
campana
dependio
medida
visitas
carcel
consejo
ibseniano
pueblo
cuento
doctor
meses
viaje
salud
general
compadre
vicepresidente
valedor
bachiller
laboratorio
mezcla
cianuro
vino
trastorno
cuadro
dengue
relato
medicina
autoritarismo
emergencia
despues
peste
generales
paniaguados
epidemiologia
finanzas
especialistas
barbaro
alarma
epidemia
vez
presidente
federacion
doctor
gobernador
terrorismo
fiscalia
moviles
bandido
vocero
derecha
emergencia
semana
capital
casos
epidemia
medicos
trastorno
cuadro
dengue
mal
virus
chikungunya
pacientes
plazo
horas
articulo
casos
regiones
pais
solidaridad
doctor
denuncia
epidemia
accion
lugar
recurso
derecha
imperialismo
calamidades
embuste
curso
lustros
millones
euros
servicios
mas
crisis
sistema
salud
siglo
carestia
medicamentos
quirurgicos
aun
fuga
profesionales
medicina
facultativos
paises
decada
jovenes
directivos
gremio
pais
hospitales
doctor
guerra
pueblo
virus
pacientes
correodelorionoco
Epidemiologos
virus
pacientes
septiembre
tamano
candidatos
eleccion
expertos
congreso
pais
precandidatos
violencia
mundo
brasilenos
fascismo
mundo
brasilenos
pese
regalo
pese
regalo
despues
anos
fujimorazo
despues
anos
fujimorazo
derecha
pais
campana
desinformacion
ambitos
vida
intereses
avances
presidente
gobernador
estado
centro-norte
jueves
campana
desinformacion
oposicion
compartio
mandatario
programa
funcionarios
campana
sector
ataque
capital
panico
senalo
entidad
bastion
apoyo
proceso
presidente
sentido
campana
terror
presidente
estado
referencia
virus
centro
forma
complicidad
medios
imagenes
afectados
virus
balance
enfermedad
conjunto
juristas
acciones
gobernador
estado
acuerdo
parte
presidente
ataques
patria
vez
campana
terror
sistema
salud
has
dog
him
Integrantes
futbol
enfermos
pesar
desinformacion
caos
casos
causa
intento
homicidio
sera
juzgado
Mentiras
situacion
actos
TERRORISMO
infeccion
venezolanos
jueves
11.9.2014
serie
muertes
sindrome
vilo
poblacion
silencio
inquietud
default
circunstancias
escasez
implantes
marca
titulares
prensa
pais
numero
cirugias
senos
despues
jueves
11.9.2014
muerte
personas
causa
infeccion
atencion
poblacion
ojos
nocion
crisis
momento
clinicas
hospitales
insuficiencias
precedentes
personal
declaracion
estado
emergencia
desplome
sistema
salud
brotes
malaria
proporciones
casos
dengue
venezolanos
aparicion
enfermedad
estamento
marzo
foto
profesionales
salud
insuficiencias
sistema
marzo
foto
profesionales
salud
insuficiencias
sistema
victimas
victimas
estado
septiembre
presidente
colegio
entidad
defunciones
sindrome
sintomas
dengue
chikungunya
malestar
fiebre
dolores
alarma
rapidez
erupciones
sangramientos
insuficiencias
muerte
infeccion
personas
lapso
horas
lunes
15.9.2014
admitio
presidente
meningococcemia
padecimiento
origen
fallecidos
allegados
enfermen
meningococcemia
enfermedades
entrevista
virus
dengue
chikungunya
mosquitos
albopictus
aedes
foto
virus
dengue
chikungunya
mosquitos
albopictus
aedes
foto
males
expansion
epidemias
dengue
chikungunya
sintomas
vistos
cuadros
shock
fallas
multiples
muerte
meningococcemia
epidemias
ministro
1992-1993
director
muertes
enemigos
medidas
especialistas
poblacion
tiempo
virus
dengue
chikungunya
mosquitos
albopictus
aedes
semanas
localidades
estados
campana
fumigacion
abatizacion
casos
fiebre
retorno
negacion
embargo
investigador
situacion
actuacion
cara
emergencia
denominador
comun
muertes
medico
problema
salud
traves
policia
cuerpo
autopsia
morgue
informacion
respecto
secretismo
filas
historia
muertes
virus
miras
oposicion
trampa
rumor
caso
cientificos
autoridades
dia
tanto
profesionales
salud
estado
emergencia
decision
desburocratizacion
transferencia
recursos
importacion
medicamentos
registro
medidas
frente
crisis
habitantes
pais