que
donde
se
se
se
que
que
que
que
se
se
que
yo
nada
que
que
que
ninos
se
esta
Se
Se
se
Lo
se
que
se
poco
que
se
ello
se
que
la
Lo
que
se
que
que
que
se
se
se
cuyo
se
quien
Lo
que
que
se
se
donde
se
quienes
nada
alli
se
nada
uno
que
que
lo
que
Se
que
lo
se
se
que
que
donde
se
que
albopictus
que
se
lo
que
se
que
otras
que
se
mismos
que
se
que
cuyo
mismo
se
se
que
lo
lo
Lo
que
se
que
que
segun
una
otra
se
se
se
le
uno
lo
que
lo
que
esta
se
que
le
lo
que
que
que
ellos
otras
quien
se
se
esta
algo
que
que
algo
lo
quien
comun
que
se
lo
que
que
uno
donde
que
donde
una
que
que
se
Esto
que
se
la
se
lo
que
donde
se
que
algo
que
le
se
donde
ninos
que
donde
se
se
se
que
se
quien
que
otros
todo
lo
que
que
lo
que
ello
se
se
que
se
las
Lo
cual
se
se
Se
se
se
cuyo
que
se
se
se
se
que
lo
me
que
donde
quien
le
quien
nada
que
se
que
se
se
se
que
lo
se
que
esto
que
algo
ellos
donde
que
que
donde
que
quien
que
que
Le
lo
se
lo
se
cuales
se
esta
que
se
todo
donde
se
que
que
que
que
se
lo
que
que
se
Yo
se
que
aegypti
que
aegypti
unas
que
lo
nos
quien
se
se
que
que
que
ellos
se
que
se
se
lo
que
se
nadie
les
se
los
lo
se
que
que