Europa
EEUU
Brexit
OMC
organizacion
Washington
Reino
Unido
Ademas
Doctor
Sarmiento
HCM
Casos
#Venezuela
ebola
@ForoCandanga
https://pic.twitter.com/DdwY4bRxI4
Aragua
Edo
Gobernador
Homicidio
Dr
Hezbollah
Agent
Antonio
Maria
Delgado
PM
ACTUALIZADO
PM
Foto
Centro
Medico
Caracas
Centro
Medico
Caracas
ARIANA
CUBILLOS
AP
Medicos
Nicolas
Maduro
Aragua
Caracas
Duglas
Leon
Natera
Federacion
Medica
Venezolana
Aragua
Colegio
Medicos
Aragua
Angel
Sarmiento
Maracay
Aragua
Maracay
Sarmiento
Sarmiento
Sarmiento
Colegio
Medicos
Aragua
Venezuela
Secretaria
Salud
Tarek
Aissami
ADECO
Colegio
Medicos
ARAGUA
Aissami
Twitter
Sarmiento
Democratica
Natera
Hospital
Central
Maracay
Natera
Uups
!Oops
Hospital
Central
MARACAY
Corposalud
Aragua
Hospital
Maracay
http://goo.gl/4Zxlmw
PSUV
Maracay
CIA
Campana
Maracay
ABSOLUTAMENTE
FALSA
Maracay
EUROPA
PRESS
Maracay
Universidad
Central
Venezuela
Venezuela
Salud
Nancy
Perez
Sierra
Julio
Castro
'El
Nacional
Maracay
Hospital
Central
Maracay
Castro
Valles
Tuy
Caracas
BROTE
MUY
GRAVE
Aedes
aegypti
Aedes
Ademas
Ministerio
Salud
Academia
Nacional
Medicina
Sociedad
Venezolana
Infectologia
Red
Sociedades
Cientificas
Medicas
Venezolanas
Instituto
Medicina
Tropical
UCV
Ejecutivo
Organizacion
Mundial
Salud
OMS
Ministerio
OCULTACION
Cerca
Maracay
Gobierno
Nicolas
Maduro
Sociedades
Cientificas
Medicas
Colegio
Medicos
Aragua
Tareck
Aissami
Angel
Sarmiento
Venezuela
Daniel
Pardo
BBC
Mundo
Caracas
Comparte
Facebook
Comparte
Messenger
Comparte
Twitter
Comparte
Email
Compartir
Derechos
imagenBBC
WORLD
SERVICE
Image
Aragua
Hospital
Central
Maracay
HCM
Aragua
Clinica
Luis
Razetti
Caracas
Venezuela
Aragua
Tareck
Aissami
Comunicaciones
Delcy
Rodriguez
BBC
Mundo
Julio
Castro
Universidad
Central
Venezuela
imagenBBC
WORLD
SERVICE
Image
Hospital
Central
Maracay
Colegio
Medicos
Aragua
Angel
Sarmiento
HCM
BBC
Mundo
Corporacion
Salud
Aragua
Hospital
Instituto
Nacional
Consalud
Caracas
Rodriguez
Aissami
Fiscalia
Sarmiento
imagenBBC
WORLD
SERVICE
Image
caption
Angel
Sarmiento
Colegio
Medicos
Aragua
Fiscalia
Aragua
Luis
Lopez
Lopez
Union
Radio
Julio
Castro
HCM
Maracay
Castro
Caribe
Aragua
Salud
Organizacion
Mundial
Salud
Venezuela
chikungunya
Venezuela
Derechos
BBC
WORLD
SERVICE
Image
Aragua
Hospital
Central
Maracay
salud
Venezuela
Asociacion
Venezolana
Clinicas
Hospitales
Federacion
Medica
Castro
Maracay
Venezuela
Castro
Colombia
Salud
Venezuela
Colombia
Castro
Caribe
Sres
Gobernadores
Alcaldes
Dra.Confucio
Hezbollah
Agent
Choripollo
Chikungunya
Septiembre
Ejecutivo
Jorge
Arreaza
@Jaarreaza
Colegio
Medicos
Aragua
Angel
Sarmiento
Mentiras
Hospital
Maracay
Pueblo
Colegio
Medicos
Aragua
Angel
Sarmiento
Hospital
Central
Maracay
Tareck
Aissami
Sarmiento
Ministerio
Publico
Presidente
Colegio
Medicos
Aragua
Asamblea
Nacional
Diosdado
Cabello
AN
Ministra
Delcy
Rodriguez
Rosendo
Gomez
Peraza
Guaira
Estados
Unidos
Caracas
Cipriano
Castro
Gomez
Peraza
Costaguana
Gobierno
Gomez
Peraza
Castro
Rafael
Rangel
America
Rangel
Rangel
Brillante
Ruben
Blades
Rangel
Castro
Vargas
--el
Venezuela--
Rangel
Rangel
</CF>bacilo
Gomez
Peraza
Castro
Guaira
Rangel
Rangel
Gomez
Peraza
Stockmann
Guaira
Europa
Castro
Venezuela
Guaira
Cipriano
Castro
Estado
Aragua
Angel
Sarmiento
Estado
Tareck
Aissami
Estado
Hospital
Central
Maracay
Caracas
Federacion
Medica
Sarmiento
Gobierno
Venezuela
Cuba
Federacion
Medica
Espana
Angel
Sarmiento
Epidemiologos
Hospital
Central
Maracay
Hospital
Central
Maracay
Foto
Publicado
0Comentarios
Comentarios
Aumenta
Texto
Texto
Videos
TelesurTelesur
Debaten
27-O
Mateo
Grille
TelesurTelesur
Corroboran
Veronica
Insausti
TelesurTelesur
Argentina
Alberto
Fernandez
Edgardo
Esteban
TelesurTelesur
EE.UU
Jorge
Gestoso
BLOGS
fascismo
Brasil
Brasil
Tulio
Ribeiro
Declaracion
Balfour
Declaracion
Balfour
Pablo
Jofre
Leal
?Traiciona
Netanyahu
Trump
Jerusalen
Traiciona
Netanyahu
Trump
Jerusalen
Alfredo
Jalife
Peru
Vizcarrazo
Peru
Vizcarrazo
Itzamna
Ollantay
Aseguran
Revolucion
Bolivariana
Asamblea
Nacional
Venezuela
Diosdado
Cabello
Aragua
Tareck
Aissami
Mazo
Dando
Venezolana
Television
Hospital
Central
Maracay
Aissami
Nicolas
Maduro
Colegio
Medicos
Aragua
Angel
Sarmiento
Procurador
General
Republica
Aragua
Agencia
Venezolana
Noticias
Legislativo
She
Equipo
Aragua
Chikungunya
Hezbollah
Agent
Sindrome
Febril
Hemorragico
Dr
Sarmiento
Hezbollah
Agent
Ley
Churuguara
Hospital
Maracay
Pueblo,solo
Gobierno
Venezuela
Venezuela
Estados
Unidos
Brasil
Mexico
Alemania
Aragua
Angel
Sarmiento
Caracas
Federacion
Medica
Venezolana
Douglas
Leon
Natera
Rafael
Orihuela
DW.
Sanidad
Asistencia
Social
Hospital
Universitario
Caracas
Caracas
Aragua
Carabobo
Miranda
Vargas
Orihuela
DW
RECOMIENDA
?Llegara
ebola
America
Latina
Venezuela
Venezuela
Estado
Ejecutivo
Gobierno
Orihuela
Gobierno
Ebola
Orihuela
Organizacion
Panamericana
Salud
Venezuela
Ministerio
Salud