que
Mientras
que
como
como
cuando
que
que
porque
que
porque
que
que
si
si
que
comun
como
porque
que
como
que
que
que
como
que
como
que
que
que
que
que
que
que
que
que
que
que
como
Segun
que
que
como
como
que
que
que
que
que
que
como
que
que
que
que
Asi
que
que
que
como
como
que
que
que
que
que
como
como
que
que
aunque
Que
que
Como
que
Si
que
Aunque
que
que
que
como
que
como
aunque
que
que
que
que
que
como
como
como
que
que
que
que
que
que
mientras
que
que
que
que
que
mientras
cuando
Segun
como
que
que
que
que
que
como
como
Despues
como
que
que
porque
que
que
-que
como
que
como
que
que
que
que
que