autorizo
permitira
imponga
profundiza
publicaron
registran
estan
echando
intenta
sera
acabara
siembra
espera
atendidos
espera
atendidos
lanzaron
mata
saben
tratar
minimizada
calificaron
notificar
dejado
dijeron
preocupar
sabemos
trata
entiendo
saben
estan
saben
emitidas
convoco
advertir
provocado
dijo
estan
tratar
sabemos
producida
sabemos
descartado
estan
haciendo
dado
unico
presenta
agrego
trasladados
incluian
convirtieron
comenzaron
presentar
comienza
viene
tratar
saber
produce
produce
hacer
tratar
brindar
comento
logrado
hacer
contraido
ataca
llegado
muerto
dijo
dijo
decidio
declarar
Anadio
hecho
aboquen
puesto
salir
combatir
colaborar
parece
tomada
califico
generar
extranar
encabece
acusando
mentir
Accion
dejado
hacer
recomendar
colabore
cortar
absteniendo
visitar
dijo
Agrego
abstengan
visitar
tratadas
acerquen
tienen
ver
dijo
existe
sera
haz
encontrada
existe
usaste
intenta
ubicar
usa
encontrar
desatado
niega
estan
investigando
Pedimos
asegura
tenian
chikungnya
asegurado
tenian
chikunguya
indicado
descartado
sigue
estimado
informado
hace
informado
presumen
asegurado
fallecieron
contrajeron
subrayado
situado
permanecio
trasladado
tratado
hinchazon
recordado
transmite
explicado
desarrollen
demostrar
afronta
informado
supone
registraron
participado
pedido
cambie
establece
propuesto
sirve
diferenciar
extiende
afectado
diferenciar
incluyen
reunieron
denunciar
oculta
expresado
anunciado
abrir
levantan
asegurado
manifestado
tienen
denunciar
hacer
notificar
sabe
desconcierta
caption
dice
buscan
angustiar
murieron
tiene
discutiendo
murieron
informaron
pronunciado
califico
refieren
angustiar
vuelto
dice
complejo
impide
pasando
asegura
caption
reportado
conocemos
presenta
dijo
Sarmiento
podia
informar
deberan
hacer
esperar
entrar
dijo
habian
confirmo
enviadas
Higiene
depende
calificaron
pretenden
angustiar
Denunciaron
compartiendo
generar
pidieron
abriera
confirmaron
ocurrieron
informo
investigado
detiene
aseguro
deben
admitir
pasando
ocurre
genere
ocurriendo
seriamos
alertar
estado
reitera
patron
estan
indica
pasado
morir
tiene
chikungunya
estado
dice
llegado
presentan
padecen
caption
tenido
vive
hecho
pidan
declarar
admitido
viven
dice
cree
creemos
empezar
ver
tiene
dado
asegura
refiriendo
considera
pone
estiman
llegara
detecto
contado
llego
dice
aca
tratan
esconder
hagan
Declaren
pronuncio
publica
angustiar
catalogadas
ofrecio
denunciaba
presentar
aclaro
corresponden
abrir
consignando
corrobora
solicito
pidio
nombrar
acompanar
tratan
causar
comento
pago
envio
desato
encarcelar
propalar
danar
todavia
desacreditar
enviar
ninguneado
terminado
decir
perviven
cumplir
habia
todavia
nutren
mestizo
afirmado
sentia
detectar
aislar
refutar
impidio
siguiese
matando
tuvo
rendir
desdecir
pronunciando
sufrir
cerro
declaro
exito
hizo
pedir
hallaba
derrocado
ver
suicidar
ingiriendo
presenta
hace
viene
atraviesa
entienden
duda
encarcelar
ose
dar
tocado
acusado
pedido
investiguen
tener
pedir
declare
registren
presenta
hace
mueren
escribo
comienzan
reportar
hecho
respaldado
requiere
acusar
inventar
desestabilizar
ocurre
transferido
pagar
vive
insumos
emigrado
afirman
abandonado
quedan
Rechazan
constataron
albergaba
constataron
albergaba
Disminuye
disolucion
insta
construir
debatiran
amenaza
amenaza
pretende
instaurar
responda
detener
region
condenaron
desmontar
provoco
pretendian
considera
gobierna
denuncio
denuncio
mostrar
presentar
dicho
preparemos
informo
Sabemos
mueven
Vienen
sumar
permitir
sister
recuperan
Evitemos
estudiando
angustiar
catalogadas
inquieta
mantiene
disipa
registra
realiza
realzar
acapara
redefine
reportan
exige
evitar
alcanzan
chikungunya
multiplican
cesar
necesitaban
protestaron
protestaron
fallecieron
aparecieron
sabemos
trata
creo
trate
atendidos
explica
Orihuela
causan
transmitidos
Orihuela
causan
transmitidos
Prefiero
pensar
afectando
propicia
Descartar
deja
acota
comprobar
causadas
podrian
tomar
vienen
demandando
hace
causan
transmitidos
proliferado
comenta
suma
senala
visto
negando
amenazando
encarcelar
hablo
realizara
niega
difundir
genera
recelo
angustia
asegura
puso
circular
causadas
regara
hizo
dice
agregando
reunir
poner
siguen
esperando
declare
haria
hacer
afligen